<?xml version="1.0" encoding="UTF-8"?>
<testsuite xmlns:xsi="http://www.w3.org/2001/XMLSchema-instance" xsi:noNamespaceSchemaLocation="https://maven.apache.org/surefire/maven-surefire-plugin/xsd/surefire-test-report-3.0.xsd" version="3.0" name="com.zoetis.zdms.config.JacksonConfigTest" time="32.446" tests="1" errors="0" skipped="0" failures="0">
  <properties>
    <property name="sun.desktop" value="windows"/>
    <property name="awt.toolkit" value="sun.awt.windows.WToolkit"/>
    <property name="java.specification.version" value="11"/>
    <property name="sun.cpu.isalist" value="amd64"/>
    <property name="sun.jnu.encoding" value="Cp1252"/>
    <property name="java.class.path" value="C:\ZMDS_BACKEND\zdms\target\test-classes;C:\ZMDS_BACKEND\zdms\target\classes;C:\Users\SHUKLP01\.m2\repository\org\springframework\security\spring-security-saml2-service-provider\5.6.3\spring-security-saml2-service-provider-5.6.3.jar;C:\Users\SHUKLP01\.m2\repository\org\springframework\security\spring-security-web\5.6.3\spring-security-web-5.6.3.jar;C:\Users\SHUKLP01\.m2\repository\org\springframework\spring-expression\5.3.19\spring-expression-5.3.19.jar;C:\Users\SHUKLP01\.m2\repository\org\opensaml\opensaml-core\3.4.6\opensaml-core-3.4.6.jar;C:\Users\SHUKLP01\.m2\repository\joda-time\joda-time\2.9\joda-time-2.9.jar;C:\Users\SHUKLP01\.m2\repository\io\dropwizard\metrics\metrics-core\4.2.9\metrics-core-4.2.9.jar;C:\Users\SHUKLP01\.m2\repository\net\shibboleth\utilities\java-support\7.5.2\java-support-7.5.2.jar;C:\Users\SHUKLP01\.m2\repository\com\google\code\findbugs\jsr305\3.0.2\jsr305-3.0.2.jar;C:\Users\SHUKLP01\.m2\repository\com\google\guava\guava\30.1.1-jre\guava-30.1.1-jre.jar;C:\Users\SHUKLP01\.m2\repository\com\google\guava\failureaccess\1.0.1\failureaccess-1.0.1.jar;C:\Users\SHUKLP01\.m2\repository\com\google\guava\listenablefuture\9999.0-empty-to-avoid-conflict-with-guava\listenablefuture-9999.0-empty-to-avoid-conflict-with-guava.jar;C:\Users\SHUKLP01\.m2\repository\org\checkerframework\checker-qual\3.8.0\checker-qual-3.8.0.jar;C:\Users\SHUKLP01\.m2\repository\com\google\errorprone\error_prone_annotations\2.5.1\error_prone_annotations-2.5.1.jar;C:\Users\SHUKLP01\.m2\repository\com\google\j2objc\j2objc-annotations\1.3\j2objc-annotations-1.3.jar;C:\Users\SHUKLP01\.m2\repository\commons-codec\commons-codec\1.15\commons-codec-1.15.jar;C:\Users\SHUKLP01\.m2\repository\org\slf4j\slf4j-api\1.7.36\slf4j-api-1.7.36.jar;C:\Users\SHUKLP01\.m2\repository\org\opensaml\opensaml-saml-api\3.4.6\opensaml-saml-api-3.4.6.jar;C:\Users\SHUKLP01\.m2\repository\org\opensaml\opensaml-xmlsec-api\3.4.6\opensaml-xmlsec-api-3.4.6.jar;C:\Users\SHUKLP01\.m2\repository\org\opensaml\opensaml-security-api\3.4.6\opensaml-security-api-3.4.6.jar;C:\Users\SHUKLP01\.m2\repository\org\bouncycastle\bcprov-jdk15on\1.59\bcprov-jdk15on-1.59.jar;C:\Users\SHUKLP01\.m2\repository\org\opensaml\opensaml-soap-api\3.4.6\opensaml-soap-api-3.4.6.jar;C:\Users\SHUKLP01\.m2\repository\org\opensaml\opensaml-messaging-api\3.4.6\opensaml-messaging-api-3.4.6.jar;C:\Users\SHUKLP01\.m2\repository\org\opensaml\opensaml-profile-api\3.4.6\opensaml-profile-api-3.4.6.jar;C:\Users\SHUKLP01\.m2\repository\org\opensaml\opensaml-storage-api\3.4.6\opensaml-storage-api-3.4.6.jar;C:\Users\SHUKLP01\.m2\repository\org\opensaml\opensaml-saml-impl\3.4.6\opensaml-saml-impl-3.4.6.jar;C:\Users\SHUKLP01\.m2\repository\org\opensaml\opensaml-security-impl\3.4.6\opensaml-security-impl-3.4.6.jar;C:\Users\SHUKLP01\.m2\repository\org\opensaml\opensaml-xmlsec-impl\3.4.6\opensaml-xmlsec-impl-3.4.6.jar;C:\Users\SHUKLP01\.m2\repository\org\apache\santuario\xmlsec\2.0.10\xmlsec-2.0.10.jar;C:\Users\SHUKLP01\.m2\repository\com\fasterxml\woodstox\woodstox-core\5.0.3\woodstox-core-5.0.3.jar;C:\Users\SHUKLP01\.m2\repository\org\codehaus\woodstox\stax2-api\3.1.4\stax2-api-3.1.4.jar;C:\Users\SHUKLP01\.m2\repository\org\cryptacular\cryptacular\1.1.4\cryptacular-1.1.4.jar;C:\Users\SHUKLP01\.m2\repository\org\opensaml\opensaml-soap-impl\3.4.6\opensaml-soap-impl-3.4.6.jar;C:\Users\SHUKLP01\.m2\repository\org\apache\velocity\velocity\1.7\velocity-1.7.jar;C:\Users\SHUKLP01\.m2\repository\commons-collections\commons-collections\3.2.1\commons-collections-3.2.1.jar;C:\Users\SHUKLP01\.m2\repository\commons-lang\commons-lang\2.4\commons-lang-2.4.jar;C:\Users\SHUKLP01\.m2\repository\org\apache\httpcomponents\httpclient\4.5.13\httpclient-4.5.13.jar;C:\Users\SHUKLP01\.m2\repository\org\apache\httpcomponents\httpcore\4.4.15\httpcore-4.4.15.jar;C:\Users\SHUKLP01\.m2\repository\org\springframework\security\spring-security-config\5.6.3\spring-security-config-5.6.3.jar;C:\Users\SHUKLP01\.m2\repository\org\springframework\security\spring-security-core\5.6.3\spring-security-core-5.6.3.jar;C:\Users\SHUKLP01\.m2\repository\org\springframework\security\spring-security-crypto\5.6.3\spring-security-crypto-5.6.3.jar;C:\Users\SHUKLP01\.m2\repository\org\springframework\spring-aop\5.3.19\spring-aop-5.3.19.jar;C:\Users\SHUKLP01\.m2\repository\org\springframework\spring-beans\5.3.19\spring-beans-5.3.19.jar;C:\Users\SHUKLP01\.m2\repository\org\springframework\spring-context\5.3.19\spring-context-5.3.19.jar;C:\Users\SHUKLP01\.m2\repository\org\springframework\spring-core\5.3.19\spring-core-5.3.19.jar;C:\Users\SHUKLP01\.m2\repository\org\springframework\spring-jcl\5.3.19\spring-jcl-5.3.19.jar;C:\ZMDS_BACKEND\zdms-rest-api\target\zdms-rest-api-1.0.25-SNAPSHOT.jar;C:\Users\SHUKLP01\.m2\repository\org\springframework\spring-web\5.3.19\spring-web-5.3.19.jar;C:\Users\SHUKLP01\.m2\repository\io\springfox\springfox-swagger2\3.0.0\springfox-swagger2-3.0.0.jar;C:\Users\SHUKLP01\.m2\repository\io\springfox\springfox-spi\3.0.0\springfox-spi-3.0.0.jar;C:\Users\SHUKLP01\.m2\repository\io\springfox\springfox-core\3.0.0\springfox-core-3.0.0.jar;C:\Users\SHUKLP01\.m2\repository\io\springfox\springfox-schema\3.0.0\springfox-schema-3.0.0.jar;C:\Users\SHUKLP01\.m2\repository\io\springfox\springfox-swagger-common\3.0.0\springfox-swagger-common-3.0.0.jar;C:\Users\SHUKLP01\.m2\repository\io\swagger\core\v3\swagger-annotations\2.1.2\swagger-annotations-2.1.2.jar;C:\Users\SHUKLP01\.m2\repository\io\springfox\springfox-spring-web\3.0.0\springfox-spring-web-3.0.0.jar;C:\Users\SHUKLP01\.m2\repository\io\springfox\springfox-spring-webmvc\3.0.0\springfox-spring-webmvc-3.0.0.jar;C:\Users\SHUKLP01\.m2\repository\io\springfox\springfox-spring-webflux\3.0.0\springfox-spring-webflux-3.0.0.jar;C:\Users\SHUKLP01\.m2\repository\com\fasterxml\classmate\1.5.1\classmate-1.5.1.jar;C:\Users\SHUKLP01\.m2\repository\org\springframework\plugin\spring-plugin-core\2.0.0.RELEASE\spring-plugin-core-2.0.0.RELEASE.jar;C:\Users\SHUKLP01\.m2\repository\org\springframework\plugin\spring-plugin-metadata\2.0.0.RELEASE\spring-plugin-metadata-2.0.0.RELEASE.jar;C:\Users\SHUKLP01\.m2\repository\io\swagger\swagger-annotations\1.5.20\swagger-annotations-1.5.20.jar;C:\Users\SHUKLP01\.m2\repository\io\swagger\swagger-models\1.5.20\swagger-models-1.5.20.jar;C:\Users\SHUKLP01\.m2\repository\javax\validation\validation-api\2.0.1.Final\validation-api-2.0.1.Final.jar;C:\Users\SHUKLP01\.m2\repository\javax\annotation\javax.annotation-api\1.3.2\javax.annotation-api-1.3.2.jar;C:\Users\SHUKLP01\.m2\repository\org\openapitools\jackson-databind-nullable\0.2.2\jackson-databind-nullable-0.2.2.jar;C:\Users\SHUKLP01\.m2\repository\org\springframework\boot\spring-boot-starter\2.6.7\spring-boot-starter-2.6.7.jar;C:\Users\SHUKLP01\.m2\repository\org\springframework\boot\spring-boot\2.6.7\spring-boot-2.6.7.jar;C:\Users\SHUKLP01\.m2\repository\org\springframework\boot\spring-boot-autoconfigure\2.6.7\spring-boot-autoconfigure-2.6.7.jar;C:\Users\SHUKLP01\.m2\repository\jakarta\annotation\jakarta.annotation-api\1.3.5\jakarta.annotation-api-1.3.5.jar;C:\Users\SHUKLP01\.m2\repository\org\yaml\snakeyaml\1.29\snakeyaml-1.29.jar;C:\Users\SHUKLP01\.m2\repository\org\springframework\boot\spring-boot-starter-undertow\2.6.7\spring-boot-starter-undertow-2.6.7.jar;C:\Users\SHUKLP01\.m2\repository\io\undertow\undertow-core\2.2.17.Final\undertow-core-2.2.17.Final.jar;C:\Users\SHUKLP01\.m2\repository\org\jboss\xnio\xnio-api\3.8.6.Final\xnio-api-3.8.6.Final.jar;C:\Users\SHUKLP01\.m2\repository\org\wildfly\common\wildfly-common\1.5.4.Final\wildfly-common-1.5.4.Final.jar;C:\Users\SHUKLP01\.m2\repository\org\wildfly\client\wildfly-client-config\1.0.1.Final\wildfly-client-config-1.0.1.Final.jar;C:\Users\SHUKLP01\.m2\repository\org\jboss\xnio\xnio-nio\3.8.6.Final\xnio-nio-3.8.6.Final.jar;C:\Users\SHUKLP01\.m2\repository\org\jboss\threads\jboss-threads\3.1.0.Final\jboss-threads-3.1.0.Final.jar;C:\Users\SHUKLP01\.m2\repository\io\undertow\undertow-servlet\2.2.17.Final\undertow-servlet-2.2.17.Final.jar;C:\Users\SHUKLP01\.m2\repository\io\undertow\undertow-websockets-jsr\2.2.17.Final\undertow-websockets-jsr-2.2.17.Final.jar;C:\Users\SHUKLP01\.m2\repository\jakarta\servlet\jakarta.servlet-api\4.0.4\jakarta.servlet-api-4.0.4.jar;C:\Users\SHUKLP01\.m2\repository\jakarta\websocket\jakarta.websocket-api\1.1.2\jakarta.websocket-api-1.1.2.jar;C:\Users\SHUKLP01\.m2\repository\org\apache\tomcat\embed\tomcat-embed-el\9.0.62\tomcat-embed-el-9.0.62.jar;C:\Users\SHUKLP01\.m2\repository\org\springframework\boot\spring-boot-starter-validation\2.6.7\spring-boot-starter-validation-2.6.7.jar;C:\Users\SHUKLP01\.m2\repository\org\hibernate\validator\hibernate-validator\6.2.3.Final\hibernate-validator-6.2.3.Final.jar;C:\Users\SHUKLP01\.m2\repository\jakarta\validation\jakarta.validation-api\2.0.2\jakarta.validation-api-2.0.2.jar;C:\Users\SHUKLP01\.m2\repository\org\springframework\boot\spring-boot-starter-web\2.6.7\spring-boot-starter-web-2.6.7.jar;C:\Users\SHUKLP01\.m2\repository\org\springframework\spring-webmvc\5.3.19\spring-webmvc-5.3.19.jar;C:\Users\SHUKLP01\.m2\repository\org\springframework\boot\spring-boot-starter-data-jpa\2.6.7\spring-boot-starter-data-jpa-2.6.7.jar;C:\Users\SHUKLP01\.m2\repository\org\springframework\boot\spring-boot-starter-aop\2.6.7\spring-boot-starter-aop-2.6.7.jar;C:\Users\SHUKLP01\.m2\repository\org\aspectj\aspectjweaver\1.9.7\aspectjweaver-1.9.7.jar;C:\Users\SHUKLP01\.m2\repository\org\springframework\boot\spring-boot-starter-jdbc\2.6.7\spring-boot-starter-jdbc-2.6.7.jar;C:\Users\SHUKLP01\.m2\repository\com\zaxxer\HikariCP\4.0.3\HikariCP-4.0.3.jar;C:\Users\SHUKLP01\.m2\repository\org\springframework\spring-jdbc\5.3.19\spring-jdbc-5.3.19.jar;C:\Users\SHUKLP01\.m2\repository\jakarta\transaction\jakarta.transaction-api\1.3.3\jakarta.transaction-api-1.3.3.jar;C:\Users\SHUKLP01\.m2\repository\jakarta\persistence\jakarta.persistence-api\2.2.3\jakarta.persistence-api-2.2.3.jar;C:\Users\SHUKLP01\.m2\repository\org\hibernate\hibernate-core\5.6.8.Final\hibernate-core-5.6.8.Final.jar;C:\Users\SHUKLP01\.m2\repository\net\bytebuddy\byte-buddy\1.11.22\byte-buddy-1.11.22.jar;C:\Users\SHUKLP01\.m2\repository\antlr\antlr\2.7.7\antlr-2.7.7.jar;C:\Users\SHUKLP01\.m2\repository\org\jboss\jandex\2.4.2.Final\jandex-2.4.2.Final.jar;C:\Users\SHUKLP01\.m2\repository\org\hibernate\common\hibernate-commons-annotations\5.1.2.Final\hibernate-commons-annotations-5.1.2.Final.jar;C:\Users\SHUKLP01\.m2\repository\org\glassfish\jaxb\jaxb-runtime\2.3.6\jaxb-runtime-2.3.6.jar;C:\Users\SHUKLP01\.m2\repository\org\glassfish\jaxb\txw2\2.3.6\txw2-2.3.6.jar;C:\Users\SHUKLP01\.m2\repository\com\sun\istack\istack-commons-runtime\3.0.12\istack-commons-runtime-3.0.12.jar;C:\Users\SHUKLP01\.m2\repository\com\sun\activation\jakarta.activation\1.2.2\jakarta.activation-1.2.2.jar;C:\Users\SHUKLP01\.m2\repository\org\springframework\data\spring-data-jpa\2.6.4\spring-data-jpa-2.6.4.jar;C:\Users\SHUKLP01\.m2\repository\org\springframework\data\spring-data-commons\2.6.4\spring-data-commons-2.6.4.jar;C:\Users\SHUKLP01\.m2\repository\org\springframework\spring-orm\5.3.19\spring-orm-5.3.19.jar;C:\Users\SHUKLP01\.m2\repository\org\springframework\spring-tx\5.3.19\spring-tx-5.3.19.jar;C:\Users\SHUKLP01\.m2\repository\org\springframework\spring-aspects\5.3.19\spring-aspects-5.3.19.jar;C:\Users\SHUKLP01\.m2\repository\org\springframework\boot\spring-boot-starter-log4j2\2.6.7\spring-boot-starter-log4j2-2.6.7.jar;C:\Users\SHUKLP01\.m2\repository\org\apache\logging\log4j\log4j-slf4j-impl\2.17.2\log4j-slf4j-impl-2.17.2.jar;C:\Users\SHUKLP01\.m2\repository\org\apache\logging\log4j\log4j-api\2.17.2\log4j-api-2.17.2.jar;C:\Users\SHUKLP01\.m2\repository\org\apache\logging\log4j\log4j-core\2.17.2\log4j-core-2.17.2.jar;C:\Users\SHUKLP01\.m2\repository\org\apache\logging\log4j\log4j-jul\2.17.2\log4j-jul-2.17.2.jar;C:\Users\SHUKLP01\.m2\repository\org\slf4j\jul-to-slf4j\1.7.36\jul-to-slf4j-1.7.36.jar;C:\Users\SHUKLP01\.m2\repository\org\springframework\cloud\spring-cloud-starter-sleuth\3.1.1\spring-cloud-starter-sleuth-3.1.1.jar;C:\Users\SHUKLP01\.m2\repository\org\springframework\cloud\spring-cloud-starter\3.1.1\spring-cloud-starter-3.1.1.jar;C:\Users\SHUKLP01\.m2\repository\org\springframework\cloud\spring-cloud-context\3.1.1\spring-cloud-context-3.1.1.jar;C:\Users\SHUKLP01\.m2\repository\org\springframework\cloud\spring-cloud-commons\3.1.1\spring-cloud-commons-3.1.1.jar;C:\Users\SHUKLP01\.m2\repository\org\springframework\security\spring-security-rsa\1.0.10.RELEASE\spring-security-rsa-1.0.10.RELEASE.jar;C:\Users\SHUKLP01\.m2\repository\org\bouncycastle\bcpkix-jdk15on\1.68\bcpkix-jdk15on-1.68.jar;C:\Users\SHUKLP01\.m2\repository\org\springframework\cloud\spring-cloud-sleuth-autoconfigure\3.1.1\spring-cloud-sleuth-autoconfigure-3.1.1.jar;C:\Users\SHUKLP01\.m2\repository\org\springframework\cloud\spring-cloud-sleuth-instrumentation\3.1.1\spring-cloud-sleuth-instrumentation-3.1.1.jar;C:\Users\SHUKLP01\.m2\repository\org\springframework\cloud\spring-cloud-sleuth-api\3.1.1\spring-cloud-sleuth-api-3.1.1.jar;C:\Users\SHUKLP01\.m2\repository\org\aspectj\aspectjrt\1.9.7\aspectjrt-1.9.7.jar;C:\Users\SHUKLP01\.m2\repository\org\springframework\cloud\spring-cloud-sleuth-brave\3.1.1\spring-cloud-sleuth-brave-3.1.1.jar;C:\Users\SHUKLP01\.m2\repository\io\zipkin\brave\brave\5.13.7\brave-5.13.7.jar;C:\Users\SHUKLP01\.m2\repository\io\zipkin\brave\brave-context-slf4j\5.13.7\brave-context-slf4j-5.13.7.jar;C:\Users\SHUKLP01\.m2\repository\io\zipkin\brave\brave-instrumentation-messaging\5.13.7\brave-instrumentation-messaging-5.13.7.jar;C:\Users\SHUKLP01\.m2\repository\io\zipkin\brave\brave-instrumentation-rpc\5.13.7\brave-instrumentation-rpc-5.13.7.jar;C:\Users\SHUKLP01\.m2\repository\io\zipkin\brave\brave-instrumentation-spring-rabbit\5.13.7\brave-instrumentation-spring-rabbit-5.13.7.jar;C:\Users\SHUKLP01\.m2\repository\io\zipkin\brave\brave-instrumentation-kafka-clients\5.13.7\brave-instrumentation-kafka-clients-5.13.7.jar;C:\Users\SHUKLP01\.m2\repository\io\zipkin\brave\brave-instrumentation-kafka-streams\5.13.7\brave-instrumentation-kafka-streams-5.13.7.jar;C:\Users\SHUKLP01\.m2\repository\io\zipkin\brave\brave-instrumentation-httpclient\5.13.7\brave-instrumentation-httpclient-5.13.7.jar;C:\Users\SHUKLP01\.m2\repository\io\zipkin\brave\brave-instrumentation-http\5.13.7\brave-instrumentation-http-5.13.7.jar;C:\Users\SHUKLP01\.m2\repository\io\zipkin\brave\brave-instrumentation-httpasyncclient\5.13.7\brave-instrumentation-httpasyncclient-5.13.7.jar;C:\Users\SHUKLP01\.m2\repository\io\zipkin\brave\brave-instrumentation-jms\5.13.7\brave-instrumentation-jms-5.13.7.jar;C:\Users\SHUKLP01\.m2\repository\io\zipkin\brave\brave-instrumentation-mongodb\5.13.7\brave-instrumentation-mongodb-5.13.7.jar;C:\Users\SHUKLP01\.m2\repository\io\zipkin\aws\brave-propagation-aws\0.21.3\brave-propagation-aws-0.21.3.jar;C:\Users\SHUKLP01\.m2\repository\io\zipkin\reporter2\zipkin-reporter-metrics-micrometer\2.16.3\zipkin-reporter-metrics-micrometer-2.16.3.jar;C:\Users\SHUKLP01\.m2\repository\io\zipkin\reporter2\zipkin-reporter\2.16.3\zipkin-reporter-2.16.3.jar;C:\Users\SHUKLP01\.m2\repository\io\zipkin\zipkin2\zipkin\2.23.2\zipkin-2.23.2.jar;C:\Users\SHUKLP01\.m2\repository\org\springframework\boot\spring-boot-starter-cache\2.6.7\spring-boot-starter-cache-2.6.7.jar;C:\Users\SHUKLP01\.m2\repository\org\springframework\spring-context-support\5.3.19\spring-context-support-5.3.19.jar;C:\Users\SHUKLP01\.m2\repository\org\springframework\boot\spring-boot-starter-actuator\2.6.7\spring-boot-starter-actuator-2.6.7.jar;C:\Users\SHUKLP01\.m2\repository\org\springframework\boot\spring-boot-actuator-autoconfigure\2.6.7\spring-boot-actuator-autoconfigure-2.6.7.jar;C:\Users\SHUKLP01\.m2\repository\org\springframework\boot\spring-boot-actuator\2.6.7\spring-boot-actuator-2.6.7.jar;C:\Users\SHUKLP01\.m2\repository\io\micrometer\micrometer-core\1.8.5\micrometer-core-1.8.5.jar;C:\Users\SHUKLP01\.m2\repository\org\hdrhistogram\HdrHistogram\2.1.12\HdrHistogram-2.1.12.jar;C:\Users\SHUKLP01\.m2\repository\org\latencyutils\LatencyUtils\2.0.3\LatencyUtils-2.0.3.jar;C:\Users\SHUKLP01\.m2\repository\org\springframework\boot\spring-boot-starter-json\2.6.7\spring-boot-starter-json-2.6.7.jar;C:\Users\SHUKLP01\.m2\repository\com\fasterxml\jackson\core\jackson-databind\2.13.2.1\jackson-databind-2.13.2.1.jar;C:\Users\SHUKLP01\.m2\repository\com\fasterxml\jackson\core\jackson-annotations\2.13.2\jackson-annotations-2.13.2.jar;C:\Users\SHUKLP01\.m2\repository\com\fasterxml\jackson\core\jackson-core\2.13.2\jackson-core-2.13.2.jar;C:\Users\SHUKLP01\.m2\repository\com\fasterxml\jackson\datatype\jackson-datatype-jdk8\2.13.2\jackson-datatype-jdk8-2.13.2.jar;C:\Users\SHUKLP01\.m2\repository\com\fasterxml\jackson\datatype\jackson-datatype-jsr310\2.13.2\jackson-datatype-jsr310-2.13.2.jar;C:\Users\SHUKLP01\.m2\repository\com\fasterxml\jackson\module\jackson-module-parameter-names\2.13.2\jackson-module-parameter-names-2.13.2.jar;C:\Users\SHUKLP01\.m2\repository\com\oracle\database\jdbc\ojdbc11\21.3.0.0\ojdbc11-21.3.0.0.jar;C:\Users\SHUKLP01\.m2\repository\org\projectlombok\lombok\1.18.20\lombok-1.18.20.jar;C:\Users\SHUKLP01\.m2\repository\org\mapstruct\mapstruct\1.4.2.Final\mapstruct-1.4.2.Final.jar;C:\Users\SHUKLP01\.m2\repository\org\apache\commons\commons-lang3\3.12.0\commons-lang3-3.12.0.jar;C:\Users\SHUKLP01\.m2\repository\commons-io\commons-io\2.11.0\commons-io-2.11.0.jar;C:\Users\SHUKLP01\.m2\repository\com\querydsl\querydsl-jpa\5.0.0.M1\querydsl-jpa-5.0.0.M1.jar;C:\Users\SHUKLP01\.m2\repository\com\querydsl\querydsl-apt\5.0.0.M1\querydsl-apt-5.0.0.M1.jar;C:\Users\SHUKLP01\.m2\repository\com\querydsl\querydsl-codegen\5.0.0.M1\querydsl-codegen-5.0.0.M1.jar;C:\Users\SHUKLP01\.m2\repository\com\querydsl\codegen-utils\5.0.0.M1\codegen-utils-5.0.0.M1.jar;C:\Users\SHUKLP01\.m2\repository\org\eclipse\jdt\ecj\3.25.0\ecj-3.25.0.jar;C:\Users\SHUKLP01\.m2\repository\javax\inject\javax.inject\1\javax.inject-1.jar;C:\Users\SHUKLP01\.m2\repository\io\github\classgraph\classgraph\4.8.108\classgraph-4.8.108.jar;C:\Users\SHUKLP01\.m2\repository\com\querydsl\querydsl-core\5.0.0.M1\querydsl-core-5.0.0.M1.jar;C:\Users\SHUKLP01\.m2\repository\com\mysema\commons\mysema-commons-lang\0.2.4\mysema-commons-lang-0.2.4.jar;C:\Users\SHUKLP01\.m2\repository\org\hibernate\hibernate-ehcache\5.5.7.Final\hibernate-ehcache-5.5.7.Final.jar;C:\Users\SHUKLP01\.m2\repository\org\jboss\logging\jboss-logging\3.4.3.Final\jboss-logging-3.4.3.Final.jar;C:\Users\SHUKLP01\.m2\repository\net\sf\ehcache\ehcache\2.10.9.2\ehcache-2.10.9.2.jar;C:\Users\SHUKLP01\.m2\repository\org\apache\commons\commons-collections4\4.4\commons-collections4-4.4.jar;C:\Users\SHUKLP01\.m2\repository\com\github\ulisesbocchio\jasypt-spring-boot-starter\3.0.4\jasypt-spring-boot-starter-3.0.4.jar;C:\Users\SHUKLP01\.m2\repository\com\github\ulisesbocchio\jasypt-spring-boot\3.0.4\jasypt-spring-boot-3.0.4.jar;C:\Users\SHUKLP01\.m2\repository\org\jasypt\jasypt\1.9.3\jasypt-1.9.3.jar;C:\Users\SHUKLP01\.m2\repository\org\springframework\boot\spring-boot-starter-test\2.6.7\spring-boot-starter-test-2.6.7.jar;C:\Users\SHUKLP01\.m2\repository\org\springframework\boot\spring-boot-test\2.6.7\spring-boot-test-2.6.7.jar;C:\Users\SHUKLP01\.m2\repository\org\springframework\boot\spring-boot-test-autoconfigure\2.6.7\spring-boot-test-autoconfigure-2.6.7.jar;C:\Users\SHUKLP01\.m2\repository\com\jayway\jsonpath\json-path\2.6.0\json-path-2.6.0.jar;C:\Users\SHUKLP01\.m2\repository\net\minidev\json-smart\2.4.8\json-smart-2.4.8.jar;C:\Users\SHUKLP01\.m2\repository\net\minidev\accessors-smart\2.4.8\accessors-smart-2.4.8.jar;C:\Users\SHUKLP01\.m2\repository\org\ow2\asm\asm\9.1\asm-9.1.jar;C:\Users\SHUKLP01\.m2\repository\jakarta\xml\bind\jakarta.xml.bind-api\2.3.3\jakarta.xml.bind-api-2.3.3.jar;C:\Users\SHUKLP01\.m2\repository\jakarta\activation\jakarta.activation-api\1.2.2\jakarta.activation-api-1.2.2.jar;C:\Users\SHUKLP01\.m2\repository\org\assertj\assertj-core\3.21.0\assertj-core-3.21.0.jar;C:\Users\SHUKLP01\.m2\repository\org\hamcrest\hamcrest\2.2\hamcrest-2.2.jar;C:\Users\SHUKLP01\.m2\repository\org\junit\jupiter\junit-jupiter\5.8.2\junit-jupiter-5.8.2.jar;C:\Users\SHUKLP01\.m2\repository\org\junit\jupiter\junit-jupiter-api\5.8.2\junit-jupiter-api-5.8.2.jar;C:\Users\SHUKLP01\.m2\repository\org\opentest4j\opentest4j\1.2.0\opentest4j-1.2.0.jar;C:\Users\SHUKLP01\.m2\repository\org\junit\platform\junit-platform-commons\1.8.2\junit-platform-commons-1.8.2.jar;C:\Users\SHUKLP01\.m2\repository\org\apiguardian\apiguardian-api\1.1.2\apiguardian-api-1.1.2.jar;C:\Users\SHUKLP01\.m2\repository\org\junit\jupiter\junit-jupiter-params\5.8.2\junit-jupiter-params-5.8.2.jar;C:\Users\SHUKLP01\.m2\repository\org\junit\jupiter\junit-jupiter-engine\5.8.2\junit-jupiter-engine-5.8.2.jar;C:\Users\SHUKLP01\.m2\repository\org\junit\platform\junit-platform-engine\1.8.2\junit-platform-engine-1.8.2.jar;C:\Users\SHUKLP01\.m2\repository\org\mockito\mockito-core\4.0.0\mockito-core-4.0.0.jar;C:\Users\SHUKLP01\.m2\repository\net\bytebuddy\byte-buddy-agent\1.11.22\byte-buddy-agent-1.11.22.jar;C:\Users\SHUKLP01\.m2\repository\org\objenesis\objenesis\3.2\objenesis-3.2.jar;C:\Users\SHUKLP01\.m2\repository\org\mockito\mockito-junit-jupiter\4.0.0\mockito-junit-jupiter-4.0.0.jar;C:\Users\SHUKLP01\.m2\repository\org\skyscreamer\jsonassert\1.5.0\jsonassert-1.5.0.jar;C:\Users\SHUKLP01\.m2\repository\com\vaadin\external\google\android-json\0.0.20131108.vaadin1\android-json-0.0.20131108.vaadin1.jar;C:\Users\SHUKLP01\.m2\repository\org\springframework\spring-test\5.3.19\spring-test-5.3.19.jar;C:\Users\SHUKLP01\.m2\repository\org\xmlunit\xmlunit-core\2.8.4\xmlunit-core-2.8.4.jar;C:\Users\SHUKLP01\.m2\repository\com\h2database\h2\1.4.200\h2-1.4.200.jar;C:\Users\SHUKLP01\.m2\repository\org\mockito\mockito-inline\4.0.0\mockito-inline-4.0.0.jar;"/>
    <property name="java.vm.vendor" value="Oracle Corporation"/>
    <property name="sun.arch.data.model" value="64"/>
    <property name="user.variant" value=""/>
    <property name="java.vendor.url" value="http://java.oracle.com/"/>
    <property name="user.timezone" value="America/New_York"/>
    <property name="java.vm.specification.version" value="11"/>
    <property name="os.name" value="Windows 10"/>
    <property name="sun.java.launcher" value="SUN_STANDARD"/>
    <property name="user.country" value="US"/>
    <property name="sun.boot.library.path" value="C:\Program Files\Java\jdk-11\bin"/>
    <property name="sun.java.command" value="C:\Users\SHUKLP01\AppData\Local\Temp\surefire15985154358053916256\surefirebooter10184949582596531379.jar C:\Users\SHUKLP01\AppData\Local\Temp\surefire15985154358053916256 2022-08-22T09-15-18_038-jvmRun1 surefire3434225437737997986tmp surefire_09849948902716939053tmp"/>
    <property name="jdk.debug" value="release"/>
    <property name="surefire.test.class.path" value="C:\ZMDS_BACKEND\zdms\target\test-classes;C:\ZMDS_BACKEND\zdms\target\classes;C:\Users\SHUKLP01\.m2\repository\org\springframework\security\spring-security-saml2-service-provider\5.6.3\spring-security-saml2-service-provider-5.6.3.jar;C:\Users\SHUKLP01\.m2\repository\org\springframework\security\spring-security-web\5.6.3\spring-security-web-5.6.3.jar;C:\Users\SHUKLP01\.m2\repository\org\springframework\spring-expression\5.3.19\spring-expression-5.3.19.jar;C:\Users\SHUKLP01\.m2\repository\org\opensaml\opensaml-core\3.4.6\opensaml-core-3.4.6.jar;C:\Users\SHUKLP01\.m2\repository\joda-time\joda-time\2.9\joda-time-2.9.jar;C:\Users\SHUKLP01\.m2\repository\io\dropwizard\metrics\metrics-core\4.2.9\metrics-core-4.2.9.jar;C:\Users\SHUKLP01\.m2\repository\net\shibboleth\utilities\java-support\7.5.2\java-support-7.5.2.jar;C:\Users\SHUKLP01\.m2\repository\com\google\code\findbugs\jsr305\3.0.2\jsr305-3.0.2.jar;C:\Users\SHUKLP01\.m2\repository\com\google\guava\guava\30.1.1-jre\guava-30.1.1-jre.jar;C:\Users\SHUKLP01\.m2\repository\com\google\guava\failureaccess\1.0.1\failureaccess-1.0.1.jar;C:\Users\SHUKLP01\.m2\repository\com\google\guava\listenablefuture\9999.0-empty-to-avoid-conflict-with-guava\listenablefuture-9999.0-empty-to-avoid-conflict-with-guava.jar;C:\Users\SHUKLP01\.m2\repository\org\checkerframework\checker-qual\3.8.0\checker-qual-3.8.0.jar;C:\Users\SHUKLP01\.m2\repository\com\google\errorprone\error_prone_annotations\2.5.1\error_prone_annotations-2.5.1.jar;C:\Users\SHUKLP01\.m2\repository\com\google\j2objc\j2objc-annotations\1.3\j2objc-annotations-1.3.jar;C:\Users\SHUKLP01\.m2\repository\commons-codec\commons-codec\1.15\commons-codec-1.15.jar;C:\Users\SHUKLP01\.m2\repository\org\slf4j\slf4j-api\1.7.36\slf4j-api-1.7.36.jar;C:\Users\SHUKLP01\.m2\repository\org\opensaml\opensaml-saml-api\3.4.6\opensaml-saml-api-3.4.6.jar;C:\Users\SHUKLP01\.m2\repository\org\opensaml\opensaml-xmlsec-api\3.4.6\opensaml-xmlsec-api-3.4.6.jar;C:\Users\SHUKLP01\.m2\repository\org\opensaml\opensaml-security-api\3.4.6\opensaml-security-api-3.4.6.jar;C:\Users\SHUKLP01\.m2\repository\org\bouncycastle\bcprov-jdk15on\1.59\bcprov-jdk15on-1.59.jar;C:\Users\SHUKLP01\.m2\repository\org\opensaml\opensaml-soap-api\3.4.6\opensaml-soap-api-3.4.6.jar;C:\Users\SHUKLP01\.m2\repository\org\opensaml\opensaml-messaging-api\3.4.6\opensaml-messaging-api-3.4.6.jar;C:\Users\SHUKLP01\.m2\repository\org\opensaml\opensaml-profile-api\3.4.6\opensaml-profile-api-3.4.6.jar;C:\Users\SHUKLP01\.m2\repository\org\opensaml\opensaml-storage-api\3.4.6\opensaml-storage-api-3.4.6.jar;C:\Users\SHUKLP01\.m2\repository\org\opensaml\opensaml-saml-impl\3.4.6\opensaml-saml-impl-3.4.6.jar;C:\Users\SHUKLP01\.m2\repository\org\opensaml\opensaml-security-impl\3.4.6\opensaml-security-impl-3.4.6.jar;C:\Users\SHUKLP01\.m2\repository\org\opensaml\opensaml-xmlsec-impl\3.4.6\opensaml-xmlsec-impl-3.4.6.jar;C:\Users\SHUKLP01\.m2\repository\org\apache\santuario\xmlsec\2.0.10\xmlsec-2.0.10.jar;C:\Users\SHUKLP01\.m2\repository\com\fasterxml\woodstox\woodstox-core\5.0.3\woodstox-core-5.0.3.jar;C:\Users\SHUKLP01\.m2\repository\org\codehaus\woodstox\stax2-api\3.1.4\stax2-api-3.1.4.jar;C:\Users\SHUKLP01\.m2\repository\org\cryptacular\cryptacular\1.1.4\cryptacular-1.1.4.jar;C:\Users\SHUKLP01\.m2\repository\org\opensaml\opensaml-soap-impl\3.4.6\opensaml-soap-impl-3.4.6.jar;C:\Users\SHUKLP01\.m2\repository\org\apache\velocity\velocity\1.7\velocity-1.7.jar;C:\Users\SHUKLP01\.m2\repository\commons-collections\commons-collections\3.2.1\commons-collections-3.2.1.jar;C:\Users\SHUKLP01\.m2\repository\commons-lang\commons-lang\2.4\commons-lang-2.4.jar;C:\Users\SHUKLP01\.m2\repository\org\apache\httpcomponents\httpclient\4.5.13\httpclient-4.5.13.jar;C:\Users\SHUKLP01\.m2\repository\org\apache\httpcomponents\httpcore\4.4.15\httpcore-4.4.15.jar;C:\Users\SHUKLP01\.m2\repository\org\springframework\security\spring-security-config\5.6.3\spring-security-config-5.6.3.jar;C:\Users\SHUKLP01\.m2\repository\org\springframework\security\spring-security-core\5.6.3\spring-security-core-5.6.3.jar;C:\Users\SHUKLP01\.m2\repository\org\springframework\security\spring-security-crypto\5.6.3\spring-security-crypto-5.6.3.jar;C:\Users\SHUKLP01\.m2\repository\org\springframework\spring-aop\5.3.19\spring-aop-5.3.19.jar;C:\Users\SHUKLP01\.m2\repository\org\springframework\spring-beans\5.3.19\spring-beans-5.3.19.jar;C:\Users\SHUKLP01\.m2\repository\org\springframework\spring-context\5.3.19\spring-context-5.3.19.jar;C:\Users\SHUKLP01\.m2\repository\org\springframework\spring-core\5.3.19\spring-core-5.3.19.jar;C:\Users\SHUKLP01\.m2\repository\org\springframework\spring-jcl\5.3.19\spring-jcl-5.3.19.jar;C:\ZMDS_BACKEND\zdms-rest-api\target\zdms-rest-api-1.0.25-SNAPSHOT.jar;C:\Users\SHUKLP01\.m2\repository\org\springframework\spring-web\5.3.19\spring-web-5.3.19.jar;C:\Users\SHUKLP01\.m2\repository\io\springfox\springfox-swagger2\3.0.0\springfox-swagger2-3.0.0.jar;C:\Users\SHUKLP01\.m2\repository\io\springfox\springfox-spi\3.0.0\springfox-spi-3.0.0.jar;C:\Users\SHUKLP01\.m2\repository\io\springfox\springfox-core\3.0.0\springfox-core-3.0.0.jar;C:\Users\SHUKLP01\.m2\repository\io\springfox\springfox-schema\3.0.0\springfox-schema-3.0.0.jar;C:\Users\SHUKLP01\.m2\repository\io\springfox\springfox-swagger-common\3.0.0\springfox-swagger-common-3.0.0.jar;C:\Users\SHUKLP01\.m2\repository\io\swagger\core\v3\swagger-annotations\2.1.2\swagger-annotations-2.1.2.jar;C:\Users\SHUKLP01\.m2\repository\io\springfox\springfox-spring-web\3.0.0\springfox-spring-web-3.0.0.jar;C:\Users\SHUKLP01\.m2\repository\io\springfox\springfox-spring-webmvc\3.0.0\springfox-spring-webmvc-3.0.0.jar;C:\Users\SHUKLP01\.m2\repository\io\springfox\springfox-spring-webflux\3.0.0\springfox-spring-webflux-3.0.0.jar;C:\Users\SHUKLP01\.m2\repository\com\fasterxml\classmate\1.5.1\classmate-1.5.1.jar;C:\Users\SHUKLP01\.m2\repository\org\springframework\plugin\spring-plugin-core\2.0.0.RELEASE\spring-plugin-core-2.0.0.RELEASE.jar;C:\Users\SHUKLP01\.m2\repository\org\springframework\plugin\spring-plugin-metadata\2.0.0.RELEASE\spring-plugin-metadata-2.0.0.RELEASE.jar;C:\Users\SHUKLP01\.m2\repository\io\swagger\swagger-annotations\1.5.20\swagger-annotations-1.5.20.jar;C:\Users\SHUKLP01\.m2\repository\io\swagger\swagger-models\1.5.20\swagger-models-1.5.20.jar;C:\Users\SHUKLP01\.m2\repository\javax\validation\validation-api\2.0.1.Final\validation-api-2.0.1.Final.jar;C:\Users\SHUKLP01\.m2\repository\javax\annotation\javax.annotation-api\1.3.2\javax.annotation-api-1.3.2.jar;C:\Users\SHUKLP01\.m2\repository\org\openapitools\jackson-databind-nullable\0.2.2\jackson-databind-nullable-0.2.2.jar;C:\Users\SHUKLP01\.m2\repository\org\springframework\boot\spring-boot-starter\2.6.7\spring-boot-starter-2.6.7.jar;C:\Users\SHUKLP01\.m2\repository\org\springframework\boot\spring-boot\2.6.7\spring-boot-2.6.7.jar;C:\Users\SHUKLP01\.m2\repository\org\springframework\boot\spring-boot-autoconfigure\2.6.7\spring-boot-autoconfigure-2.6.7.jar;C:\Users\SHUKLP01\.m2\repository\jakarta\annotation\jakarta.annotation-api\1.3.5\jakarta.annotation-api-1.3.5.jar;C:\Users\SHUKLP01\.m2\repository\org\yaml\snakeyaml\1.29\snakeyaml-1.29.jar;C:\Users\SHUKLP01\.m2\repository\org\springframework\boot\spring-boot-starter-undertow\2.6.7\spring-boot-starter-undertow-2.6.7.jar;C:\Users\SHUKLP01\.m2\repository\io\undertow\undertow-core\2.2.17.Final\undertow-core-2.2.17.Final.jar;C:\Users\SHUKLP01\.m2\repository\org\jboss\xnio\xnio-api\3.8.6.Final\xnio-api-3.8.6.Final.jar;C:\Users\SHUKLP01\.m2\repository\org\wildfly\common\wildfly-common\1.5.4.Final\wildfly-common-1.5.4.Final.jar;C:\Users\SHUKLP01\.m2\repository\org\wildfly\client\wildfly-client-config\1.0.1.Final\wildfly-client-config-1.0.1.Final.jar;C:\Users\SHUKLP01\.m2\repository\org\jboss\xnio\xnio-nio\3.8.6.Final\xnio-nio-3.8.6.Final.jar;C:\Users\SHUKLP01\.m2\repository\org\jboss\threads\jboss-threads\3.1.0.Final\jboss-threads-3.1.0.Final.jar;C:\Users\SHUKLP01\.m2\repository\io\undertow\undertow-servlet\2.2.17.Final\undertow-servlet-2.2.17.Final.jar;C:\Users\SHUKLP01\.m2\repository\io\undertow\undertow-websockets-jsr\2.2.17.Final\undertow-websockets-jsr-2.2.17.Final.jar;C:\Users\SHUKLP01\.m2\repository\jakarta\servlet\jakarta.servlet-api\4.0.4\jakarta.servlet-api-4.0.4.jar;C:\Users\SHUKLP01\.m2\repository\jakarta\websocket\jakarta.websocket-api\1.1.2\jakarta.websocket-api-1.1.2.jar;C:\Users\SHUKLP01\.m2\repository\org\apache\tomcat\embed\tomcat-embed-el\9.0.62\tomcat-embed-el-9.0.62.jar;C:\Users\SHUKLP01\.m2\repository\org\springframework\boot\spring-boot-starter-validation\2.6.7\spring-boot-starter-validation-2.6.7.jar;C:\Users\SHUKLP01\.m2\repository\org\hibernate\validator\hibernate-validator\6.2.3.Final\hibernate-validator-6.2.3.Final.jar;C:\Users\SHUKLP01\.m2\repository\jakarta\validation\jakarta.validation-api\2.0.2\jakarta.validation-api-2.0.2.jar;C:\Users\SHUKLP01\.m2\repository\org\springframework\boot\spring-boot-starter-web\2.6.7\spring-boot-starter-web-2.6.7.jar;C:\Users\SHUKLP01\.m2\repository\org\springframework\spring-webmvc\5.3.19\spring-webmvc-5.3.19.jar;C:\Users\SHUKLP01\.m2\repository\org\springframework\boot\spring-boot-starter-data-jpa\2.6.7\spring-boot-starter-data-jpa-2.6.7.jar;C:\Users\SHUKLP01\.m2\repository\org\springframework\boot\spring-boot-starter-aop\2.6.7\spring-boot-starter-aop-2.6.7.jar;C:\Users\SHUKLP01\.m2\repository\org\aspectj\aspectjweaver\1.9.7\aspectjweaver-1.9.7.jar;C:\Users\SHUKLP01\.m2\repository\org\springframework\boot\spring-boot-starter-jdbc\2.6.7\spring-boot-starter-jdbc-2.6.7.jar;C:\Users\SHUKLP01\.m2\repository\com\zaxxer\HikariCP\4.0.3\HikariCP-4.0.3.jar;C:\Users\SHUKLP01\.m2\repository\org\springframework\spring-jdbc\5.3.19\spring-jdbc-5.3.19.jar;C:\Users\SHUKLP01\.m2\repository\jakarta\transaction\jakarta.transaction-api\1.3.3\jakarta.transaction-api-1.3.3.jar;C:\Users\SHUKLP01\.m2\repository\jakarta\persistence\jakarta.persistence-api\2.2.3\jakarta.persistence-api-2.2.3.jar;C:\Users\SHUKLP01\.m2\repository\org\hibernate\hibernate-core\5.6.8.Final\hibernate-core-5.6.8.Final.jar;C:\Users\SHUKLP01\.m2\repository\net\bytebuddy\byte-buddy\1.11.22\byte-buddy-1.11.22.jar;C:\Users\SHUKLP01\.m2\repository\antlr\antlr\2.7.7\antlr-2.7.7.jar;C:\Users\SHUKLP01\.m2\repository\org\jboss\jandex\2.4.2.Final\jandex-2.4.2.Final.jar;C:\Users\SHUKLP01\.m2\repository\org\hibernate\common\hibernate-commons-annotations\5.1.2.Final\hibernate-commons-annotations-5.1.2.Final.jar;C:\Users\SHUKLP01\.m2\repository\org\glassfish\jaxb\jaxb-runtime\2.3.6\jaxb-runtime-2.3.6.jar;C:\Users\SHUKLP01\.m2\repository\org\glassfish\jaxb\txw2\2.3.6\txw2-2.3.6.jar;C:\Users\SHUKLP01\.m2\repository\com\sun\istack\istack-commons-runtime\3.0.12\istack-commons-runtime-3.0.12.jar;C:\Users\SHUKLP01\.m2\repository\com\sun\activation\jakarta.activation\1.2.2\jakarta.activation-1.2.2.jar;C:\Users\SHUKLP01\.m2\repository\org\springframework\data\spring-data-jpa\2.6.4\spring-data-jpa-2.6.4.jar;C:\Users\SHUKLP01\.m2\repository\org\springframework\data\spring-data-commons\2.6.4\spring-data-commons-2.6.4.jar;C:\Users\SHUKLP01\.m2\repository\org\springframework\spring-orm\5.3.19\spring-orm-5.3.19.jar;C:\Users\SHUKLP01\.m2\repository\org\springframework\spring-tx\5.3.19\spring-tx-5.3.19.jar;C:\Users\SHUKLP01\.m2\repository\org\springframework\spring-aspects\5.3.19\spring-aspects-5.3.19.jar;C:\Users\SHUKLP01\.m2\repository\org\springframework\boot\spring-boot-starter-log4j2\2.6.7\spring-boot-starter-log4j2-2.6.7.jar;C:\Users\SHUKLP01\.m2\repository\org\apache\logging\log4j\log4j-slf4j-impl\2.17.2\log4j-slf4j-impl-2.17.2.jar;C:\Users\SHUKLP01\.m2\repository\org\apache\logging\log4j\log4j-api\2.17.2\log4j-api-2.17.2.jar;C:\Users\SHUKLP01\.m2\repository\org\apache\logging\log4j\log4j-core\2.17.2\log4j-core-2.17.2.jar;C:\Users\SHUKLP01\.m2\repository\org\apache\logging\log4j\log4j-jul\2.17.2\log4j-jul-2.17.2.jar;C:\Users\SHUKLP01\.m2\repository\org\slf4j\jul-to-slf4j\1.7.36\jul-to-slf4j-1.7.36.jar;C:\Users\SHUKLP01\.m2\repository\org\springframework\cloud\spring-cloud-starter-sleuth\3.1.1\spring-cloud-starter-sleuth-3.1.1.jar;C:\Users\SHUKLP01\.m2\repository\org\springframework\cloud\spring-cloud-starter\3.1.1\spring-cloud-starter-3.1.1.jar;C:\Users\SHUKLP01\.m2\repository\org\springframework\cloud\spring-cloud-context\3.1.1\spring-cloud-context-3.1.1.jar;C:\Users\SHUKLP01\.m2\repository\org\springframework\cloud\spring-cloud-commons\3.1.1\spring-cloud-commons-3.1.1.jar;C:\Users\SHUKLP01\.m2\repository\org\springframework\security\spring-security-rsa\1.0.10.RELEASE\spring-security-rsa-1.0.10.RELEASE.jar;C:\Users\SHUKLP01\.m2\repository\org\bouncycastle\bcpkix-jdk15on\1.68\bcpkix-jdk15on-1.68.jar;C:\Users\SHUKLP01\.m2\repository\org\springframework\cloud\spring-cloud-sleuth-autoconfigure\3.1.1\spring-cloud-sleuth-autoconfigure-3.1.1.jar;C:\Users\SHUKLP01\.m2\repository\org\springframework\cloud\spring-cloud-sleuth-instrumentation\3.1.1\spring-cloud-sleuth-instrumentation-3.1.1.jar;C:\Users\SHUKLP01\.m2\repository\org\springframework\cloud\spring-cloud-sleuth-api\3.1.1\spring-cloud-sleuth-api-3.1.1.jar;C:\Users\SHUKLP01\.m2\repository\org\aspectj\aspectjrt\1.9.7\aspectjrt-1.9.7.jar;C:\Users\SHUKLP01\.m2\repository\org\springframework\cloud\spring-cloud-sleuth-brave\3.1.1\spring-cloud-sleuth-brave-3.1.1.jar;C:\Users\SHUKLP01\.m2\repository\io\zipkin\brave\brave\5.13.7\brave-5.13.7.jar;C:\Users\SHUKLP01\.m2\repository\io\zipkin\brave\brave-context-slf4j\5.13.7\brave-context-slf4j-5.13.7.jar;C:\Users\SHUKLP01\.m2\repository\io\zipkin\brave\brave-instrumentation-messaging\5.13.7\brave-instrumentation-messaging-5.13.7.jar;C:\Users\SHUKLP01\.m2\repository\io\zipkin\brave\brave-instrumentation-rpc\5.13.7\brave-instrumentation-rpc-5.13.7.jar;C:\Users\SHUKLP01\.m2\repository\io\zipkin\brave\brave-instrumentation-spring-rabbit\5.13.7\brave-instrumentation-spring-rabbit-5.13.7.jar;C:\Users\SHUKLP01\.m2\repository\io\zipkin\brave\brave-instrumentation-kafka-clients\5.13.7\brave-instrumentation-kafka-clients-5.13.7.jar;C:\Users\SHUKLP01\.m2\repository\io\zipkin\brave\brave-instrumentation-kafka-streams\5.13.7\brave-instrumentation-kafka-streams-5.13.7.jar;C:\Users\SHUKLP01\.m2\repository\io\zipkin\brave\brave-instrumentation-httpclient\5.13.7\brave-instrumentation-httpclient-5.13.7.jar;C:\Users\SHUKLP01\.m2\repository\io\zipkin\brave\brave-instrumentation-http\5.13.7\brave-instrumentation-http-5.13.7.jar;C:\Users\SHUKLP01\.m2\repository\io\zipkin\brave\brave-instrumentation-httpasyncclient\5.13.7\brave-instrumentation-httpasyncclient-5.13.7.jar;C:\Users\SHUKLP01\.m2\repository\io\zipkin\brave\brave-instrumentation-jms\5.13.7\brave-instrumentation-jms-5.13.7.jar;C:\Users\SHUKLP01\.m2\repository\io\zipkin\brave\brave-instrumentation-mongodb\5.13.7\brave-instrumentation-mongodb-5.13.7.jar;C:\Users\SHUKLP01\.m2\repository\io\zipkin\aws\brave-propagation-aws\0.21.3\brave-propagation-aws-0.21.3.jar;C:\Users\SHUKLP01\.m2\repository\io\zipkin\reporter2\zipkin-reporter-metrics-micrometer\2.16.3\zipkin-reporter-metrics-micrometer-2.16.3.jar;C:\Users\SHUKLP01\.m2\repository\io\zipkin\reporter2\zipkin-reporter\2.16.3\zipkin-reporter-2.16.3.jar;C:\Users\SHUKLP01\.m2\repository\io\zipkin\zipkin2\zipkin\2.23.2\zipkin-2.23.2.jar;C:\Users\SHUKLP01\.m2\repository\org\springframework\boot\spring-boot-starter-cache\2.6.7\spring-boot-starter-cache-2.6.7.jar;C:\Users\SHUKLP01\.m2\repository\org\springframework\spring-context-support\5.3.19\spring-context-support-5.3.19.jar;C:\Users\SHUKLP01\.m2\repository\org\springframework\boot\spring-boot-starter-actuator\2.6.7\spring-boot-starter-actuator-2.6.7.jar;C:\Users\SHUKLP01\.m2\repository\org\springframework\boot\spring-boot-actuator-autoconfigure\2.6.7\spring-boot-actuator-autoconfigure-2.6.7.jar;C:\Users\SHUKLP01\.m2\repository\org\springframework\boot\spring-boot-actuator\2.6.7\spring-boot-actuator-2.6.7.jar;C:\Users\SHUKLP01\.m2\repository\io\micrometer\micrometer-core\1.8.5\micrometer-core-1.8.5.jar;C:\Users\SHUKLP01\.m2\repository\org\hdrhistogram\HdrHistogram\2.1.12\HdrHistogram-2.1.12.jar;C:\Users\SHUKLP01\.m2\repository\org\latencyutils\LatencyUtils\2.0.3\LatencyUtils-2.0.3.jar;C:\Users\SHUKLP01\.m2\repository\org\springframework\boot\spring-boot-starter-json\2.6.7\spring-boot-starter-json-2.6.7.jar;C:\Users\SHUKLP01\.m2\repository\com\fasterxml\jackson\core\jackson-databind\2.13.2.1\jackson-databind-2.13.2.1.jar;C:\Users\SHUKLP01\.m2\repository\com\fasterxml\jackson\core\jackson-annotations\2.13.2\jackson-annotations-2.13.2.jar;C:\Users\SHUKLP01\.m2\repository\com\fasterxml\jackson\core\jackson-core\2.13.2\jackson-core-2.13.2.jar;C:\Users\SHUKLP01\.m2\repository\com\fasterxml\jackson\datatype\jackson-datatype-jdk8\2.13.2\jackson-datatype-jdk8-2.13.2.jar;C:\Users\SHUKLP01\.m2\repository\com\fasterxml\jackson\datatype\jackson-datatype-jsr310\2.13.2\jackson-datatype-jsr310-2.13.2.jar;C:\Users\SHUKLP01\.m2\repository\com\fasterxml\jackson\module\jackson-module-parameter-names\2.13.2\jackson-module-parameter-names-2.13.2.jar;C:\Users\SHUKLP01\.m2\repository\com\oracle\database\jdbc\ojdbc11\21.3.0.0\ojdbc11-21.3.0.0.jar;C:\Users\SHUKLP01\.m2\repository\org\projectlombok\lombok\1.18.20\lombok-1.18.20.jar;C:\Users\SHUKLP01\.m2\repository\org\mapstruct\mapstruct\1.4.2.Final\mapstruct-1.4.2.Final.jar;C:\Users\SHUKLP01\.m2\repository\org\apache\commons\commons-lang3\3.12.0\commons-lang3-3.12.0.jar;C:\Users\SHUKLP01\.m2\repository\commons-io\commons-io\2.11.0\commons-io-2.11.0.jar;C:\Users\SHUKLP01\.m2\repository\com\querydsl\querydsl-jpa\5.0.0.M1\querydsl-jpa-5.0.0.M1.jar;C:\Users\SHUKLP01\.m2\repository\com\querydsl\querydsl-apt\5.0.0.M1\querydsl-apt-5.0.0.M1.jar;C:\Users\SHUKLP01\.m2\repository\com\querydsl\querydsl-codegen\5.0.0.M1\querydsl-codegen-5.0.0.M1.jar;C:\Users\SHUKLP01\.m2\repository\com\querydsl\codegen-utils\5.0.0.M1\codegen-utils-5.0.0.M1.jar;C:\Users\SHUKLP01\.m2\repository\org\eclipse\jdt\ecj\3.25.0\ecj-3.25.0.jar;C:\Users\SHUKLP01\.m2\repository\javax\inject\javax.inject\1\javax.inject-1.jar;C:\Users\SHUKLP01\.m2\repository\io\github\classgraph\classgraph\4.8.108\classgraph-4.8.108.jar;C:\Users\SHUKLP01\.m2\repository\com\querydsl\querydsl-core\5.0.0.M1\querydsl-core-5.0.0.M1.jar;C:\Users\SHUKLP01\.m2\repository\com\mysema\commons\mysema-commons-lang\0.2.4\mysema-commons-lang-0.2.4.jar;C:\Users\SHUKLP01\.m2\repository\org\hibernate\hibernate-ehcache\5.5.7.Final\hibernate-ehcache-5.5.7.Final.jar;C:\Users\SHUKLP01\.m2\repository\org\jboss\logging\jboss-logging\3.4.3.Final\jboss-logging-3.4.3.Final.jar;C:\Users\SHUKLP01\.m2\repository\net\sf\ehcache\ehcache\2.10.9.2\ehcache-2.10.9.2.jar;C:\Users\SHUKLP01\.m2\repository\org\apache\commons\commons-collections4\4.4\commons-collections4-4.4.jar;C:\Users\SHUKLP01\.m2\repository\com\github\ulisesbocchio\jasypt-spring-boot-starter\3.0.4\jasypt-spring-boot-starter-3.0.4.jar;C:\Users\SHUKLP01\.m2\repository\com\github\ulisesbocchio\jasypt-spring-boot\3.0.4\jasypt-spring-boot-3.0.4.jar;C:\Users\SHUKLP01\.m2\repository\org\jasypt\jasypt\1.9.3\jasypt-1.9.3.jar;C:\Users\SHUKLP01\.m2\repository\org\springframework\boot\spring-boot-starter-test\2.6.7\spring-boot-starter-test-2.6.7.jar;C:\Users\SHUKLP01\.m2\repository\org\springframework\boot\spring-boot-test\2.6.7\spring-boot-test-2.6.7.jar;C:\Users\SHUKLP01\.m2\repository\org\springframework\boot\spring-boot-test-autoconfigure\2.6.7\spring-boot-test-autoconfigure-2.6.7.jar;C:\Users\SHUKLP01\.m2\repository\com\jayway\jsonpath\json-path\2.6.0\json-path-2.6.0.jar;C:\Users\SHUKLP01\.m2\repository\net\minidev\json-smart\2.4.8\json-smart-2.4.8.jar;C:\Users\SHUKLP01\.m2\repository\net\minidev\accessors-smart\2.4.8\accessors-smart-2.4.8.jar;C:\Users\SHUKLP01\.m2\repository\org\ow2\asm\asm\9.1\asm-9.1.jar;C:\Users\SHUKLP01\.m2\repository\jakarta\xml\bind\jakarta.xml.bind-api\2.3.3\jakarta.xml.bind-api-2.3.3.jar;C:\Users\SHUKLP01\.m2\repository\jakarta\activation\jakarta.activation-api\1.2.2\jakarta.activation-api-1.2.2.jar;C:\Users\SHUKLP01\.m2\repository\org\assertj\assertj-core\3.21.0\assertj-core-3.21.0.jar;C:\Users\SHUKLP01\.m2\repository\org\hamcrest\hamcrest\2.2\hamcrest-2.2.jar;C:\Users\SHUKLP01\.m2\repository\org\junit\jupiter\junit-jupiter\5.8.2\junit-jupiter-5.8.2.jar;C:\Users\SHUKLP01\.m2\repository\org\junit\jupiter\junit-jupiter-api\5.8.2\junit-jupiter-api-5.8.2.jar;C:\Users\SHUKLP01\.m2\repository\org\opentest4j\opentest4j\1.2.0\opentest4j-1.2.0.jar;C:\Users\SHUKLP01\.m2\repository\org\junit\platform\junit-platform-commons\1.8.2\junit-platform-commons-1.8.2.jar;C:\Users\SHUKLP01\.m2\repository\org\apiguardian\apiguardian-api\1.1.2\apiguardian-api-1.1.2.jar;C:\Users\SHUKLP01\.m2\repository\org\junit\jupiter\junit-jupiter-params\5.8.2\junit-jupiter-params-5.8.2.jar;C:\Users\SHUKLP01\.m2\repository\org\junit\jupiter\junit-jupiter-engine\5.8.2\junit-jupiter-engine-5.8.2.jar;C:\Users\SHUKLP01\.m2\repository\org\junit\platform\junit-platform-engine\1.8.2\junit-platform-engine-1.8.2.jar;C:\Users\SHUKLP01\.m2\repository\org\mockito\mockito-core\4.0.0\mockito-core-4.0.0.jar;C:\Users\SHUKLP01\.m2\repository\net\bytebuddy\byte-buddy-agent\1.11.22\byte-buddy-agent-1.11.22.jar;C:\Users\SHUKLP01\.m2\repository\org\objenesis\objenesis\3.2\objenesis-3.2.jar;C:\Users\SHUKLP01\.m2\repository\org\mockito\mockito-junit-jupiter\4.0.0\mockito-junit-jupiter-4.0.0.jar;C:\Users\SHUKLP01\.m2\repository\org\skyscreamer\jsonassert\1.5.0\jsonassert-1.5.0.jar;C:\Users\SHUKLP01\.m2\repository\com\vaadin\external\google\android-json\0.0.20131108.vaadin1\android-json-0.0.20131108.vaadin1.jar;C:\Users\SHUKLP01\.m2\repository\org\springframework\spring-test\5.3.19\spring-test-5.3.19.jar;C:\Users\SHUKLP01\.m2\repository\org\xmlunit\xmlunit-core\2.8.4\xmlunit-core-2.8.4.jar;C:\Users\SHUKLP01\.m2\repository\com\h2database\h2\1.4.200\h2-1.4.200.jar;C:\Users\SHUKLP01\.m2\repository\org\mockito\mockito-inline\4.0.0\mockito-inline-4.0.0.jar;"/>
    <property name="sun.cpu.endian" value="little"/>
    <property name="user.home" value="C:\Users\SHUKLP01"/>
    <property name="user.language" value="en"/>
    <property name="java.specification.vendor" value="Oracle Corporation"/>
    <property name="java.version.date" value="2018-09-25"/>
    <property name="java.home" value="C:\Program Files\Java\jdk-11"/>
    <property name="file.separator" value="\"/>
    <property name="basedir" value="C:\ZMDS_BACKEND\zdms"/>
    <property name="java.vm.compressedOopsMode" value="Zero based"/>
    <property name="line.separator" value="&#10;"/>
    <property name="java.specification.name" value="Java Platform API Specification"/>
    <property name="java.vm.specification.vendor" value="Oracle Corporation"/>
    <property name="FILE_LOG_CHARSET" value="UTF-8"/>
    <property name="java.awt.graphicsenv" value="sun.awt.Win32GraphicsEnvironment"/>
    <property name="java.awt.headless" value="true"/>
    <property name="surefire.real.class.path" value="C:\Users\SHUKLP01\AppData\Local\Temp\surefire15985154358053916256\surefirebooter10184949582596531379.jar"/>
    <property name="LOG_LEVEL_PATTERN" value="%5p [,%X{traceId:-},%X{spanId:-}]"/>
    <property name="user.script" value=""/>
    <property name="sun.management.compiler" value="HotSpot 64-Bit Tiered Compilers"/>
    <property name="java.runtime.version" value="11+28"/>
    <property name="user.name" value="SHUKLP01"/>
    <property name="path.separator" value=";"/>
    <property name="os.version" value="10.0"/>
    <property name="java.runtime.name" value="Java(TM) SE Runtime Environment"/>
    <property name="file.encoding" value="Cp1252"/>
    <property name="spring.beaninfo.ignore" value="true"/>
    <property name="java.vm.name" value="Java HotSpot(TM) 64-Bit Server VM"/>
    <property name="java.vendor.version" value="18.9"/>
    <property name="localRepository" value="C:\Users\SHUKLP01\.m2\repository"/>
    <property name="java.vendor.url.bug" value="http://bugreport.java.com/bugreport/"/>
    <property name="java.io.tmpdir" value="C:\Users\SHUKLP01\AppData\Local\Temp\"/>
    <property name="com.zaxxer.hikari.pool_number" value="1"/>
    <property name="java.version" value="11"/>
    <property name="user.dir" value="C:\ZMDS_BACKEND\zdms"/>
    <property name="os.arch" value="amd64"/>
    <property name="java.vm.specification.name" value="Java Virtual Machine Specification"/>
    <property name="PID" value="14544"/>
    <property name="java.awt.printerjob" value="sun.awt.windows.WPrinterJob"/>
    <property name="sun.os.patch.level" value=""/>
    <property name="CONSOLE_LOG_CHARSET" value="UTF-8"/>
    <property name="java.library.path" value="C:\Program Files\Java\jdk-11\bin;C:\WINDOWS\Sun\Java\bin;C:\WINDOWS\system32;C:\WINDOWS;C:\Users\SHUKLP01\bin;C:\Program Files\Git\mingw64\bin;C:\Program Files\Git\usr\local\bin;C:\Program Files\Git\usr\bin;C:\Program Files\Git\usr\bin;C:\Program Files\Git\mingw64\bin;C:\Program Files\Git\usr\bin;C:\Users\SHUKLP01\bin;C:\WINDOWS\system32;C:\WINDOWS;C:\WINDOWS\System32\Wbem;C:\WINDOWS\System32\WindowsPowerShell\v1.0;C:\WINDOWS\System32\OpenSSH;C:\Program Files (x86)\OpenText\Viewer\bin;C:\Program Files\Citrix\System32;C:\Program Files\Citrix\ICAService;C:\Program Files\Java\jdk-11\bin;C:\Maven\apache-maven-3.6.1\bin;C:\Program Files\Git\cmd;C:\Program Files\nodejs;C:\Users\SHUKLP01\AppData\Local\Microsoft\WindowsApps;C:\Users\SHUKLP01\AppData\Local\Programs\Microsoft VS Code\bin;C:\Users\SHUKLP01\AppData\Local\GitHubDesktop\bin;C:\Users\SHUKLP01\AppData\Roaming\npm;C:\Program Files\JetBrains\IntelliJ IDEA 2022.2\bin;C:\Program Files\Git\usr\bin\vendor_perl;C:\Program Files\Git\usr\bin\core_perl;."/>
    <property name="java.vendor" value="Oracle Corporation"/>
    <property name="java.vm.info" value="mixed mode"/>
    <property name="java.vm.version" value="11+28"/>
    <property name="sun.io.unicode.encoding" value="UnicodeLittle"/>
    <property name="java.class.version" value="55.0"/>
  </properties>
  <testcase name="shouldUseJsonNullableModule" classname="com.zoetis.zdms.config.JacksonConfigTest" time="2.033">
    <system-out><![CDATA[2022-08-22 09:15:41,550 main DEBUG Apache Log4j Core 2.17.2 initializing configuration XmlConfiguration[location=C:\ZMDS_BACKEND\zdms\target\classes\log4j2.xml]
2022-08-22 09:15:41,553 main DEBUG PluginManager 'Core' found 127 plugins
2022-08-22 09:15:41,554 main DEBUG PluginManager 'Level' found 0 plugins
2022-08-22 09:15:41,559 main DEBUG PluginManager 'Lookup' found 16 plugins
2022-08-22 09:15:41,563 main DEBUG Building Plugin[name=layout, class=org.apache.logging.log4j.core.layout.PatternLayout].
2022-08-22 09:15:41,575 main DEBUG PluginManager 'TypeConverter' found 26 plugins
2022-08-22 09:15:41,600 main DEBUG PatternLayout$Builder(pattern="%d %highlight{[%-5p]}{STYLE=Logback} %c - %m - %X - %hmac{key} %n", PatternSelector=null, Configuration(LogConfiguration), Replace=null, charset="null", alwaysWriteExceptions="null", disableAnsi="null", noConsoleNoAnsi="null", header="null", footer="null", )
2022-08-22 09:15:41,600 main DEBUG PluginManager 'Converter' found 48 plugins
2022-08-22 09:15:41,631 main ERROR Unrecognized format specifier [hmac]
2022-08-22 09:15:41,631 main ERROR Unrecognized conversion specifier [hmac] starting at position 62 in conversion pattern.
2022-08-22 09:15:41,633 main DEBUG Building Plugin[name=appender, class=org.apache.logging.log4j.core.appender.ConsoleAppender].
2022-08-22 09:15:41,647 main DEBUG ConsoleAppender$Builder(target="null", follow="null", direct="null", , bufferedIo="null", bufferSize="null", immediateFlush="null", , ignoreExceptions="null", PatternLayout(%d %highlight{[%-5p]}{STYLE=Logback} %c - %m - %X - %hmac{key} %n), name="ConsoleAppender", Configuration(LogConfiguration), , Filter=null, ={}, )
2022-08-22 09:15:41,655 main DEBUG Starting OutputStreamManager SYSTEM_OUT.false.false
2022-08-22 09:15:41,656 main DEBUG Building Plugin[name=layout, class=org.apache.logging.log4j.core.layout.PatternLayout].
2022-08-22 09:15:41,657 main DEBUG PatternLayout$Builder(pattern="%d %highlight{[%-5p]}{STYLE=Logback} %c - %m - %X - %hmac{key} %n", PatternSelector=null, Configuration(LogConfiguration), Replace=null, charset="null", alwaysWriteExceptions="null", disableAnsi="null", noConsoleNoAnsi="null", header="null", footer="null", )
2022-08-22 09:15:41,659 main ERROR Unrecognized format specifier [hmac]
2022-08-22 09:15:41,660 main ERROR Unrecognized conversion specifier [hmac] starting at position 62 in conversion pattern.
2022-08-22 09:15:41,660 main DEBUG Building Plugin[name=TimeBasedTriggeringPolicy, class=org.apache.logging.log4j.core.appender.rolling.TimeBasedTriggeringPolicy].
2022-08-22 09:15:41,666 main DEBUG TimeBasedTriggeringPolicy$Builder(interval="1", modulate="null", maxRandomDelay="null", )
2022-08-22 09:15:41,667 main DEBUG Building Plugin[name=Policies, class=org.apache.logging.log4j.core.appender.rolling.CompositeTriggeringPolicy].
2022-08-22 09:15:41,671 main DEBUG createPolicy(={TimeBasedTriggeringPolicy(nextRolloverMillis=0, interval=1, modulate=false)})
2022-08-22 09:15:41,672 main DEBUG Building Plugin[name=DefaultRolloverStrategy, class=org.apache.logging.log4j.core.appender.rolling.DefaultRolloverStrategy].
2022-08-22 09:15:41,678 main DEBUG DefaultRolloverStrategy$Builder(max="5", min="null", fileIndex="null", compressionLevel="null", ={}, stopCustomActionsOnError="null", tempCompressedFilePattern="null", Configuration(LogConfiguration), )
2022-08-22 09:15:41,678 main DEBUG Building Plugin[name=appender, class=org.apache.logging.log4j.core.appender.RollingFileAppender].
2022-08-22 09:15:41,684 main DEBUG RollingFileAppender$Builder(fileName="/app/zmds-server/zmds-logs/zmds-server.log", filePattern="/app/zmds-server/zmds-logs/zmds-server.%d{yyyy-MM-dd}.log.gz", append="null", locking="null", Policies(CompositeTriggeringPolicy(policies=[TimeBasedTriggeringPolicy(nextRolloverMillis=0, interval=1, modulate=false)])), DefaultRolloverStrategy(DefaultRolloverStrategy(min=1, max=5, useMax=true)), advertise="null", advertiseUri="null", createOnDemand="null", filePermissions="null", fileOwner="null", fileGroup="null", , bufferedIo="null", bufferSize="null", immediateFlush="null", , ignoreExceptions="false", PatternLayout(%d %highlight{[%-5p]}{STYLE=Logback} %c - %m - %X - %hmac{key} %n), name="RollingFile", Configuration(LogConfiguration), , Filter=null, ={}, )
2022-08-22 09:15:41,706 main DEBUG Returning file creation time for C:\app\zmds-server\zmds-logs\zmds-server.log
2022-08-22 09:15:41,708 main DEBUG Starting RollingFileManager /app/zmds-server/zmds-logs/zmds-server.log
2022-08-22 09:15:41,712 main DEBUG PluginManager 'FileConverter' found 2 plugins
2022-08-22 09:15:41,720 main DEBUG Setting prev file time to 2022-07-29T06:50:45.952-0400
2022-08-22 09:15:41,721 main DEBUG Initializing triggering policy CompositeTriggeringPolicy(policies=[TimeBasedTriggeringPolicy(nextRolloverMillis=0, interval=1, modulate=false)])
2022-08-22 09:15:41,721 main DEBUG Initializing triggering policy TimeBasedTriggeringPolicy(nextRolloverMillis=0, interval=1, modulate=false)
2022-08-22 09:15:41,723 main DEBUG Building Plugin[name=appenders, class=org.apache.logging.log4j.core.config.AppendersPlugin].
2022-08-22 09:15:41,724 main DEBUG createAppenders(={ConsoleAppender, RollingFile})
2022-08-22 09:15:41,725 main DEBUG Building Plugin[name=AppenderRef, class=org.apache.logging.log4j.core.config.AppenderRef].
2022-08-22 09:15:41,732 main DEBUG createAppenderRef(ref="ConsoleAppender", level="null", Filter=null)
2022-08-22 09:15:41,733 main DEBUG Building Plugin[name=AppenderRef, class=org.apache.logging.log4j.core.config.AppenderRef].
2022-08-22 09:15:41,747 main DEBUG createAppenderRef(ref="RollingFile", level="null", Filter=null)
2022-08-22 09:15:41,747 main DEBUG Building Plugin[name=root, class=org.apache.logging.log4j.core.config.LoggerConfig$RootLogger].
2022-08-22 09:15:41,753 main DEBUG LoggerConfig$RootLogger$Builder(additivity="null", level="INFO", levelAndRefs="null", includeLocation="null", ={ConsoleAppender, RollingFile}, ={}, Configuration(LogConfiguration), Filter=null, )
2022-08-22 09:15:41,758 main DEBUG Building Plugin[name=loggers, class=org.apache.logging.log4j.core.config.LoggersPlugin].
2022-08-22 09:15:41,760 main DEBUG createLoggers(={root})
2022-08-22 09:15:41,761 main DEBUG Configuration XmlConfiguration[location=C:\ZMDS_BACKEND\zdms\target\classes\log4j2.xml] initialized
2022-08-22 09:15:41,762 main DEBUG Starting configuration XmlConfiguration[location=C:\ZMDS_BACKEND\zdms\target\classes\log4j2.xml]
2022-08-22 09:15:41,762 main DEBUG Started configuration XmlConfiguration[location=C:\ZMDS_BACKEND\zdms\target\classes\log4j2.xml] OK.
2022-08-22 09:15:41,763 main DEBUG Shutting down OutputStreamManager SYSTEM_OUT.false.false-1
2022-08-22 09:15:41,763 main DEBUG OutputStream closed
2022-08-22 09:15:41,764 main DEBUG Shut down OutputStreamManager SYSTEM_OUT.false.false-1, all resources released: true
2022-08-22 09:15:41,764 main DEBUG Appender DefaultConsole-1 stopped with status true
2022-08-22 09:15:41,765 main DEBUG Stopped org.apache.logging.log4j.core.config.DefaultConfiguration@74fc3fc7 OK
2022-08-22 09:15:41,859 main DEBUG Registering MBean org.apache.logging.log4j2:type=2aae9190
2022-08-22 09:15:41,865 main DEBUG Registering MBean org.apache.logging.log4j2:type=2aae9190,component=StatusLogger
2022-08-22 09:15:41,873 main DEBUG Registering MBean org.apache.logging.log4j2:type=2aae9190,component=ContextSelector
2022-08-22 09:15:41,876 main DEBUG Registering MBean org.apache.logging.log4j2:type=2aae9190,component=Loggers,name=
2022-08-22 09:15:41,879 main DEBUG Registering MBean org.apache.logging.log4j2:type=2aae9190,component=Appenders,name=ConsoleAppender
2022-08-22 09:15:41,884 main DEBUG Registering MBean org.apache.logging.log4j2:type=2aae9190,component=Appenders,name=RollingFile
2022-08-22 09:15:41,900 main DEBUG org.apache.logging.log4j.core.util.SystemClock supports precise timestamps.
2022-08-22 09:15:41,901 main DEBUG Reconfiguration complete for context[name=2aae9190] at URI C:\ZMDS_BACKEND\zdms\target\classes\log4j2.xml (org.apache.logging.log4j.core.LoggerContext@cd93621) with optional ClassLoader: null
2022-08-22 09:15:41,902 main DEBUG Shutdown hook enabled. Registering a new one.
2022-08-22 09:15:41,905 main DEBUG LoggerContext[name=2aae9190, org.apache.logging.log4j.core.LoggerContext@cd93621] started OK.
2022-08-22 09:15:42,091 [INFO ] org.springframework.boot.test.context.SpringBootTestContextBootstrapper - Neither @ContextConfiguration nor @ContextHierarchy found for test class [com.zoetis.zdms.config.JacksonConfigTest], using SpringBootContextLoader - {} - %hmac 
2022-08-22 09:15:42,099 main DEBUG Formatting file name. useCurrentTime=false. currentFileTime=1661174142098, prevFileTime=1659067200000
2022-08-22 09:15:42,106 main DEBUG Formatting file name. useCurrentTime=false. currentFileTime=1661174142098, prevFileTime=1659067200000
2022-08-22 09:15:42,111 main DEBUG OutputStream closed
2022-08-22 09:15:42,112 main DEBUG RollingFileManager executing synchronous FileRenameAction[\app\zmds-server\zmds-logs\zmds-server.log to \app\zmds-server\zmds-logs\zmds-server.2022-07-29.log, renameEmptyFiles=false]
2022-08-22 09:15:42,117 main DEBUG RollingFileManager executing async GzCompressAction[\app\zmds-server\zmds-logs\zmds-server.2022-07-29.log to \app\zmds-server\zmds-logs\zmds-server.2022-07-29.log.gz, deleteSource=true]
2022-08-22 09:15:42,120 main DEBUG Now writing to /app/zmds-server/zmds-logs/zmds-server.log at 2022-08-22T09:15:42.119-0400
2022-08-22 09:15:42,129 main DEBUG AsyncLogger.ThreadNameStrategy=UNCACHED (user specified null, default is UNCACHED)
2022-08-22 09:15:42,130 main DEBUG org.apache.logging.log4j.core.util.SystemClock supports precise timestamps.
2022-08-22 09:15:42,147 [INFO ] org.springframework.test.context.support.AbstractContextLoader - Could not detect default resource locations for test class [com.zoetis.zdms.config.JacksonConfigTest]: no resource found for suffixes {-context.xml, Context.groovy}. - {} - %hmac 
2022-08-22 09:15:42,150 [INFO ] org.springframework.test.context.support.AnnotationConfigContextLoaderUtils - Could not detect default configuration classes for test class [com.zoetis.zdms.config.JacksonConfigTest]: JacksonConfigTest does not declare any static, non-private, non-final, nested classes annotated with @Configuration. - {} - %hmac 
2022-08-22 09:15:42,509 [INFO ] org.springframework.boot.test.context.SpringBootTestContextBootstrapper - Found @SpringBootConfiguration com.zoetis.zdms.Application for test class com.zoetis.zdms.config.JacksonConfigTest - {} - %hmac 
2022-08-22 09:15:42,826 [INFO ] org.springframework.boot.test.context.SpringBootTestContextBootstrapper - Loaded default TestExecutionListener class names from location [META-INF/spring.factories]: [org.springframework.boot.test.mock.mockito.MockitoTestExecutionListener, org.springframework.boot.test.mock.mockito.ResetMocksTestExecutionListener, org.springframework.boot.test.autoconfigure.restdocs.RestDocsTestExecutionListener, org.springframework.boot.test.autoconfigure.web.client.MockRestServiceServerResetTestExecutionListener, org.springframework.boot.test.autoconfigure.web.servlet.MockMvcPrintOnlyOnFailureTestExecutionListener, org.springframework.boot.test.autoconfigure.web.servlet.WebDriverTestExecutionListener, org.springframework.boot.test.autoconfigure.webservices.client.MockWebServiceServerTestExecutionListener, org.springframework.test.context.web.ServletTestExecutionListener, org.springframework.test.context.support.DirtiesContextBeforeModesTestExecutionListener, org.springframework.test.context.event.ApplicationEventsTestExecutionListener, org.springframework.test.context.support.DependencyInjectionTestExecutionListener, org.springframework.test.context.support.DirtiesContextTestExecutionListener, org.springframework.test.context.transaction.TransactionalTestExecutionListener, org.springframework.test.context.jdbc.SqlScriptsTestExecutionListener, org.springframework.test.context.event.EventPublishingTestExecutionListener] - {} - %hmac 
2022-08-22 09:15:42,885 [INFO ] org.springframework.boot.test.context.SpringBootTestContextBootstrapper - Using TestExecutionListeners: [org.springframework.test.context.web.ServletTestExecutionListener@7d28d525, org.springframework.test.context.support.DirtiesContextBeforeModesTestExecutionListener@4873c645, org.springframework.test.context.event.ApplicationEventsTestExecutionListener@7e7e34ef, org.springframework.boot.test.mock.mockito.MockitoTestExecutionListener@e7c3ba2, org.springframework.boot.test.autoconfigure.SpringBootDependencyInjectionTestExecutionListener@35c646b5, org.springframework.test.context.support.DirtiesContextTestExecutionListener@6351efa6, org.springframework.test.context.transaction.TransactionalTestExecutionListener@6c07666f, org.springframework.test.context.jdbc.SqlScriptsTestExecutionListener@349e166, org.springframework.test.context.event.EventPublishingTestExecutionListener@4bdec54, org.springframework.boot.test.mock.mockito.ResetMocksTestExecutionListener@68fd0fba, org.springframework.boot.test.autoconfigure.restdocs.RestDocsTestExecutionListener@3f9e38d4, org.springframework.boot.test.autoconfigure.web.client.MockRestServiceServerResetTestExecutionListener@7310bc90, org.springframework.boot.test.autoconfigure.web.servlet.MockMvcPrintOnlyOnFailureTestExecutionListener@18a421ea, org.springframework.boot.test.autoconfigure.web.servlet.WebDriverTestExecutionListener@18247d9b, org.springframework.boot.test.autoconfigure.webservices.client.MockWebServiceServerTestExecutionListener@5632bed3] - {} - %hmac 
2022-08-22 09:15:43,786 main DEBUG Reconfiguration started for context[name=2aae9190] at URI null (org.apache.logging.log4j.core.LoggerContext@cd93621) with optional ClassLoader: null
2022-08-22 09:15:43,786 main DEBUG Using configurationFactory org.apache.logging.log4j.core.config.ConfigurationFactory$Factory@6707ab9
2022-08-22 09:15:43,803 main DEBUG PluginManager 'Lookup' found 16 plugins
2022-08-22 09:15:43,805 main DEBUG Closing BufferedInputStream java.io.BufferedInputStream@1b48c142
2022-08-22 09:15:43,815 main DEBUG Apache Log4j Core 2.17.2 initializing configuration XmlConfiguration[location=C:\ZMDS_BACKEND\zdms\target\classes\log4j2.xml]
2022-08-22 09:15:43,815 main DEBUG PluginManager 'Core' found 127 plugins
2022-08-22 09:15:43,816 main DEBUG PluginManager 'Level' found 0 plugins
2022-08-22 09:15:43,817 main DEBUG PluginManager 'Lookup' found 16 plugins
2022-08-22 09:15:43,818 main DEBUG Building Plugin[name=layout, class=org.apache.logging.log4j.core.layout.PatternLayout].
2022-08-22 09:15:43,820 main DEBUG PatternLayout$Builder(pattern="%d %highlight{[%-5p]}{STYLE=Logback} %c - %m - %X - %hmac{key} %n", PatternSelector=null, Configuration(LogConfiguration), Replace=null, charset="null", alwaysWriteExceptions="null", disableAnsi="null", noConsoleNoAnsi="null", header="null", footer="null", )
2022-08-22 09:15:43,821 main DEBUG PluginManager 'Converter' found 48 plugins
2022-08-22 09:15:43,823 main ERROR Unrecognized format specifier [hmac]
2022-08-22 09:15:43,823 main ERROR Unrecognized conversion specifier [hmac] starting at position 62 in conversion pattern.
2022-08-22 09:15:43,824 main DEBUG Building Plugin[name=appender, class=org.apache.logging.log4j.core.appender.ConsoleAppender].
2022-08-22 09:15:43,825 main DEBUG ConsoleAppender$Builder(target="null", follow="null", direct="null", , bufferedIo="null", bufferSize="null", immediateFlush="null", , ignoreExceptions="null", PatternLayout(%d %highlight{[%-5p]}{STYLE=Logback} %c - %m - %X - %hmac{key} %n), name="ConsoleAppender", Configuration(LogConfiguration), , Filter=null, ={}, )
2022-08-22 09:15:43,830 main DEBUG Building Plugin[name=layout, class=org.apache.logging.log4j.core.layout.PatternLayout].
2022-08-22 09:15:43,832 main DEBUG PatternLayout$Builder(pattern="%d %highlight{[%-5p]}{STYLE=Logback} %c - %m - %X - %hmac{key} %n", PatternSelector=null, Configuration(LogConfiguration), Replace=null, charset="null", alwaysWriteExceptions="null", disableAnsi="null", noConsoleNoAnsi="null", header="null", footer="null", )
2022-08-22 09:15:43,834 main ERROR Unrecognized format specifier [hmac]
2022-08-22 09:15:43,835 main ERROR Unrecognized conversion specifier [hmac] starting at position 62 in conversion pattern.
2022-08-22 09:15:43,837 main DEBUG Building Plugin[name=TimeBasedTriggeringPolicy, class=org.apache.logging.log4j.core.appender.rolling.TimeBasedTriggeringPolicy].
2022-08-22 09:15:43,841 main DEBUG TimeBasedTriggeringPolicy$Builder(interval="1", modulate="null", maxRandomDelay="null", )
2022-08-22 09:15:43,841 main DEBUG Building Plugin[name=Policies, class=org.apache.logging.log4j.core.appender.rolling.CompositeTriggeringPolicy].
2022-08-22 09:15:43,842 main DEBUG createPolicy(={TimeBasedTriggeringPolicy(nextRolloverMillis=0, interval=1, modulate=false)})
2022-08-22 09:15:43,842 main DEBUG Building Plugin[name=DefaultRolloverStrategy, class=org.apache.logging.log4j.core.appender.rolling.DefaultRolloverStrategy].
2022-08-22 09:15:43,843 main DEBUG DefaultRolloverStrategy$Builder(max="5", min="null", fileIndex="null", compressionLevel="null", ={}, stopCustomActionsOnError="null", tempCompressedFilePattern="null", Configuration(LogConfiguration), )
2022-08-22 09:15:43,843 main DEBUG Building Plugin[name=appender, class=org.apache.logging.log4j.core.appender.RollingFileAppender].
2022-08-22 09:15:43,846 main DEBUG RollingFileAppender$Builder(fileName="/app/zmds-server/zmds-logs/zmds-server.log", filePattern="/app/zmds-server/zmds-logs/zmds-server.%d{yyyy-MM-dd}.log.gz", append="null", locking="null", Policies(CompositeTriggeringPolicy(policies=[TimeBasedTriggeringPolicy(nextRolloverMillis=0, interval=1, modulate=false)])), DefaultRolloverStrategy(DefaultRolloverStrategy(min=1, max=5, useMax=true)), advertise="null", advertiseUri="null", createOnDemand="null", filePermissions="null", fileOwner="null", fileGroup="null", , bufferedIo="null", bufferSize="null", immediateFlush="null", , ignoreExceptions="false", PatternLayout(%d %highlight{[%-5p]}{STYLE=Logback} %c - %m - %X - %hmac{key} %n), name="RollingFile", Configuration(LogConfiguration), , Filter=null, ={}, )
2022-08-22 09:15:43,847 main DEBUG PluginManager 'FileConverter' found 2 plugins
2022-08-22 09:15:43,847 main DEBUG Initializing triggering policy TimeBasedTriggeringPolicy(nextRolloverMillis=0, interval=1, modulate=false)
2022-08-22 09:15:43,848 main DEBUG Building Plugin[name=appenders, class=org.apache.logging.log4j.core.config.AppendersPlugin].
2022-08-22 09:15:43,848 main DEBUG createAppenders(={ConsoleAppender, RollingFile})
2022-08-22 09:15:43,850 main DEBUG Building Plugin[name=AppenderRef, class=org.apache.logging.log4j.core.config.AppenderRef].
2022-08-22 09:15:43,851 main DEBUG createAppenderRef(ref="ConsoleAppender", level="null", Filter=null)
2022-08-22 09:15:43,851 main DEBUG Building Plugin[name=AppenderRef, class=org.apache.logging.log4j.core.config.AppenderRef].
2022-08-22 09:15:43,852 main DEBUG createAppenderRef(ref="RollingFile", level="null", Filter=null)
2022-08-22 09:15:43,852 main DEBUG Building Plugin[name=root, class=org.apache.logging.log4j.core.config.LoggerConfig$RootLogger].
2022-08-22 09:15:43,854 main DEBUG LoggerConfig$RootLogger$Builder(additivity="null", level="INFO", levelAndRefs="null", includeLocation="null", ={ConsoleAppender, RollingFile}, ={}, Configuration(LogConfiguration), Filter=null, )
2022-08-22 09:15:43,854 main DEBUG Building Plugin[name=loggers, class=org.apache.logging.log4j.core.config.LoggersPlugin].
2022-08-22 09:15:43,855 main DEBUG createLoggers(={root})
2022-08-22 09:15:43,856 main DEBUG Configuration XmlConfiguration[location=C:\ZMDS_BACKEND\zdms\target\classes\log4j2.xml] initialized
2022-08-22 09:15:43,856 main DEBUG Starting configuration XmlConfiguration[location=C:\ZMDS_BACKEND\zdms\target\classes\log4j2.xml]
2022-08-22 09:15:43,856 main DEBUG Started configuration XmlConfiguration[location=C:\ZMDS_BACKEND\zdms\target\classes\log4j2.xml] OK.
2022-08-22 09:15:43,859 main DEBUG Appender RollingFile stopped with status true
2022-08-22 09:15:43,860 main DEBUG Appender ConsoleAppender stopped with status true
2022-08-22 09:15:43,860 main DEBUG Stopped XmlConfiguration[location=C:\ZMDS_BACKEND\zdms\target\classes\log4j2.xml] OK
2022-08-22 09:15:43,863 main DEBUG Registering MBean org.apache.logging.log4j2:type=2aae9190
2022-08-22 09:15:43,864 main DEBUG Registering MBean org.apache.logging.log4j2:type=2aae9190,component=StatusLogger
2022-08-22 09:15:43,864 main DEBUG Registering MBean org.apache.logging.log4j2:type=2aae9190,component=ContextSelector
2022-08-22 09:15:43,865 main DEBUG Registering MBean org.apache.logging.log4j2:type=2aae9190,component=Loggers,name=
2022-08-22 09:15:43,867 main DEBUG Registering MBean org.apache.logging.log4j2:type=2aae9190,component=Appenders,name=ConsoleAppender
2022-08-22 09:15:43,867 main DEBUG Registering MBean org.apache.logging.log4j2:type=2aae9190,component=Appenders,name=RollingFile
2022-08-22 09:15:43,868 main DEBUG Reconfiguration complete for context[name=2aae9190] at URI C:\ZMDS_BACKEND\zdms\target\classes\log4j2.xml (org.apache.logging.log4j.core.LoggerContext@cd93621) with optional ClassLoader: null

  ______  __  __   _____     _____
  |___  / |  \/  | |  __ \   / ____|
     / /  | \  / | | |  | | | (___
    / /   | |\/| | | |  | |  \___ \
   / /__  | |  | | | |__| |  ____) |
  /_____| |_|  |_| |_____/  |_____/
                                version: 


2022-08-22 09:15:44,090 [INFO ] com.zoetis.zdms.config.JacksonConfigTest - Starting JacksonConfigTest using Java 11 on KZDDVXDP10-1492 with PID 14544 (started by SHUKLP01 in C:\ZMDS_BACKEND\zdms) - {} - %hmac 
2022-08-22 09:15:44,111 [INFO ] com.zoetis.zdms.config.JacksonConfigTest - The following 1 profile is active: "noSecurity" - {} - %hmac 
2022-08-22 09:15:44,105 [INFO ] org.hibernate.validator.internal.util.Version - HV000001: Hibernate Validator 6.2.3.Final - {} - %hmac 
2022-08-22 09:15:48,543 [INFO ] org.springframework.data.repository.config.RepositoryConfigurationDelegate - Bootstrapping Spring Data JPA repositories in DEFAULT mode. - {} - %hmac 
2022-08-22 09:15:48,927 [INFO ] org.springframework.data.repository.config.RepositoryConfigurationDelegate - Finished Spring Data repository scanning in 365 ms. Found 15 JPA repository interfaces. - {} - %hmac 
2022-08-22 09:15:50,438 [INFO ] org.springframework.cloud.context.scope.GenericScope - BeanFactory id=1b84fbba-3f5d-37b9-b404-d5623b76ad8e - {} - %hmac 
2022-08-22 09:15:50,662 [INFO ] com.ulisesbocchio.jasyptspringboot.configuration.EnableEncryptablePropertiesBeanFactoryPostProcessor - Post-processing PropertySource instances - {} - %hmac 
2022-08-22 09:15:50,664 [INFO ] com.ulisesbocchio.jasyptspringboot.EncryptablePropertySourceConverter - Skipping PropertySource configurationProperties [class org.springframework.boot.context.properties.source.ConfigurationPropertySourcesPropertySource - {} - %hmac 
2022-08-22 09:15:50,666 [INFO ] com.ulisesbocchio.jasyptspringboot.EncryptablePropertySourceConverter - Converting PropertySource test [org.springframework.core.env.MapPropertySource] to EncryptableMapPropertySourceWrapper - {} - %hmac 
2022-08-22 09:15:50,667 [INFO ] com.ulisesbocchio.jasyptspringboot.EncryptablePropertySourceConverter - Converting PropertySource Inlined Test Properties [org.springframework.core.env.MapPropertySource] to EncryptableMapPropertySourceWrapper - {} - %hmac 
2022-08-22 09:15:50,668 [INFO ] com.ulisesbocchio.jasyptspringboot.EncryptablePropertySourceConverter - Converting PropertySource class path resource [application.yml] [org.springframework.core.io.support.ResourcePropertySource] to EncryptableMapPropertySourceWrapper - {} - %hmac 
2022-08-22 09:15:50,668 [INFO ] com.ulisesbocchio.jasyptspringboot.EncryptablePropertySourceConverter - Skipping PropertySource servletConfigInitParams [class org.springframework.core.env.PropertySource$StubPropertySource - {} - %hmac 
2022-08-22 09:15:50,668 [INFO ] com.ulisesbocchio.jasyptspringboot.EncryptablePropertySourceConverter - Converting PropertySource servletContextInitParams [org.springframework.web.context.support.ServletContextPropertySource] to EncryptableEnumerablePropertySourceWrapper - {} - %hmac 
2022-08-22 09:15:50,670 [INFO ] com.ulisesbocchio.jasyptspringboot.EncryptablePropertySourceConverter - Converting PropertySource systemProperties [org.springframework.core.env.PropertiesPropertySource] to EncryptableMapPropertySourceWrapper - {} - %hmac 
2022-08-22 09:15:50,671 [INFO ] com.ulisesbocchio.jasyptspringboot.EncryptablePropertySourceConverter - Converting PropertySource systemEnvironment [org.springframework.boot.env.SystemEnvironmentPropertySourceEnvironmentPostProcessor$OriginAwareSystemEnvironmentPropertySource] to EncryptableSystemEnvironmentPropertySourceWrapper - {} - %hmac 
2022-08-22 09:15:50,672 [INFO ] com.ulisesbocchio.jasyptspringboot.EncryptablePropertySourceConverter - Converting PropertySource random [org.springframework.boot.env.RandomValuePropertySource] to EncryptablePropertySourceWrapper - {} - %hmac 
2022-08-22 09:15:50,672 [INFO ] com.ulisesbocchio.jasyptspringboot.EncryptablePropertySourceConverter - Converting PropertySource cachedrandom [org.springframework.cloud.util.random.CachedRandomPropertySource] to EncryptablePropertySourceWrapper - {} - %hmac 
2022-08-22 09:15:50,674 [INFO ] com.ulisesbocchio.jasyptspringboot.EncryptablePropertySourceConverter - Converting PropertySource springCloudClientHostInfo [org.springframework.core.env.MapPropertySource] to EncryptableMapPropertySourceWrapper - {} - %hmac 
2022-08-22 09:15:50,675 [INFO ] com.ulisesbocchio.jasyptspringboot.EncryptablePropertySourceConverter - Converting PropertySource Config resource 'class path resource [application.yml]' via location 'optional:classpath:/' [org.springframework.boot.env.OriginTrackedMapPropertySource] to EncryptableMapPropertySourceWrapper - {} - %hmac 
2022-08-22 09:15:50,675 [INFO ] com.ulisesbocchio.jasyptspringboot.EncryptablePropertySourceConverter - Converting PropertySource defaultProperties [org.springframework.core.env.MapPropertySource] to EncryptableMapPropertySourceWrapper - {} - %hmac 
2022-08-22 09:15:52,261 [INFO ] com.ulisesbocchio.jasyptspringboot.filter.DefaultLazyPropertyFilter - Property Filter custom Bean not found with name 'encryptablePropertyFilter'. Initializing Default Property Filter - {} - %hmac 
2022-08-22 09:15:52,286 [INFO ] com.ulisesbocchio.jasyptspringboot.resolver.DefaultLazyPropertyResolver - Property Resolver custom Bean not found with name 'encryptablePropertyResolver'. Initializing Default Property Resolver - {} - %hmac 
2022-08-22 09:15:52,290 [INFO ] com.ulisesbocchio.jasyptspringboot.detector.DefaultLazyPropertyDetector - Property Detector custom Bean not found with name 'encryptablePropertyDetector'. Initializing Default Property Detector - {} - %hmac 
2022-08-22 09:15:52,854 [INFO ] org.hibernate.jpa.internal.util.LogHelper - HHH000204: Processing PersistenceUnitInfo [name: default] - {} - %hmac 
2022-08-22 09:15:53,018 [INFO ] org.hibernate.Version - HHH000412: Hibernate ORM core version 5.6.8.Final - {} - %hmac 
2022-08-22 09:15:53,595 [INFO ] org.hibernate.annotations.common.Version - HCANN000001: Hibernate Commons Annotations {5.1.2.Final} - {} - %hmac 
2022-08-22 09:15:54,016 [INFO ] com.zaxxer.hikari.HikariDataSource - HikariPool-1 - Starting... - {} - %hmac 
2022-08-22 09:15:55,424 [INFO ] com.zaxxer.hikari.HikariDataSource - HikariPool-1 - Start completed. - {} - %hmac 
2022-08-22 09:15:55,515 [INFO ] org.hibernate.dialect.Dialect - HHH000400: Using dialect: org.hibernate.dialect.H2Dialect - {} - %hmac 
2022-08-22 09:15:56,880 [WARN ] org.hibernate.mapping.RootClass - HHH000038: Composite-id class does not override equals(): com.zoetis.zdms.model.dictionary.localized.customertype.LocalizedCustomerTypeId - {} - %hmac 
2022-08-22 09:15:56,880 [WARN ] org.hibernate.mapping.RootClass - HHH000039: Composite-id class does not override hashCode(): com.zoetis.zdms.model.dictionary.localized.customertype.LocalizedCustomerTypeId - {} - %hmac 
2022-08-22 09:15:56,883 [WARN ] org.hibernate.mapping.RootClass - HHH000038: Composite-id class does not override equals(): com.zoetis.zdms.model.dictionary.localized.productavailability.LocalizedProductAvailabilityId - {} - %hmac 
2022-08-22 09:15:56,884 [WARN ] org.hibernate.mapping.RootClass - HHH000039: Composite-id class does not override hashCode(): com.zoetis.zdms.model.dictionary.localized.productavailability.LocalizedProductAvailabilityId - {} - %hmac 
2022-08-22 09:15:56,885 [WARN ] org.hibernate.mapping.RootClass - HHH000038: Composite-id class does not override equals(): com.zoetis.zdms.model.dictionary.localized.customerstatus.LocalizedCustomerStatusId - {} - %hmac 
2022-08-22 09:15:56,885 [WARN ] org.hibernate.mapping.RootClass - HHH000039: Composite-id class does not override hashCode(): com.zoetis.zdms.model.dictionary.localized.customerstatus.LocalizedCustomerStatusId - {} - %hmac 
2022-08-22 09:15:56,886 [WARN ] org.hibernate.mapping.RootClass - HHH000038: Composite-id class does not override equals(): com.zoetis.zdms.model.dictionary.localized.customerstate.LocalizedCustomerStateId - {} - %hmac 
2022-08-22 09:15:56,886 [WARN ] org.hibernate.mapping.RootClass - HHH000039: Composite-id class does not override hashCode(): com.zoetis.zdms.model.dictionary.localized.customerstate.LocalizedCustomerStateId - {} - %hmac 
2022-08-22 09:15:56,886 [WARN ] org.hibernate.mapping.RootClass - HHH000038: Composite-id class does not override equals(): com.zoetis.zdms.model.dictionary.localized.booleanvalue.LocalizedBooleanValueId - {} - %hmac 
2022-08-22 09:15:56,887 [WARN ] org.hibernate.mapping.RootClass - HHH000039: Composite-id class does not override hashCode(): com.zoetis.zdms.model.dictionary.localized.booleanvalue.LocalizedBooleanValueId - {} - %hmac 
2022-08-22 09:15:56,887 [WARN ] org.hibernate.mapping.RootClass - HHH000038: Composite-id class does not override equals(): com.zoetis.zdms.model.dictionary.localized.rejectionreason.LocalizedRejectionReasonId - {} - %hmac 
2022-08-22 09:15:56,887 [WARN ] org.hibernate.mapping.RootClass - HHH000039: Composite-id class does not override hashCode(): com.zoetis.zdms.model.dictionary.localized.rejectionreason.LocalizedRejectionReasonId - {} - %hmac 
2022-08-22 09:15:56,888 [WARN ] org.hibernate.mapping.RootClass - HHH000038: Composite-id class does not override equals(): com.zoetis.zdms.model.dictionary.localized.errorcode.LocalizedErrorCodeId - {} - %hmac 
2022-08-22 09:15:56,889 [WARN ] org.hibernate.mapping.RootClass - HHH000039: Composite-id class does not override hashCode(): com.zoetis.zdms.model.dictionary.localized.errorcode.LocalizedErrorCodeId - {} - %hmac 
2022-08-22 09:15:58,236 [INFO ] org.hibernate.engine.transaction.jta.platform.internal.JtaPlatformInitiator - HHH000490: Using JtaPlatform implementation: [org.hibernate.engine.transaction.jta.platform.internal.NoJtaPlatform] - {} - %hmac 
2022-08-22 09:15:58,259 [INFO ] org.springframework.orm.jpa.LocalContainerEntityManagerFactoryBean - Initialized JPA EntityManagerFactory for persistence unit 'default' - {} - %hmac 
2022-08-22 09:16:03,085 [WARN ] org.springframework.boot.autoconfigure.orm.jpa.JpaBaseConfiguration$JpaWebConfiguration - spring.jpa.open-in-view is enabled by default. Therefore, database queries may be performed during view rendering. Explicitly configure spring.jpa.open-in-view to disable this warning - {} - %hmac 
2022-08-22 09:16:07,545 [WARN ] org.springframework.boot.autoconfigure.security.servlet.UserDetailsServiceAutoConfiguration - 

Using generated security password: 9a07d59a-1c9b-417e-a1c0-416be47a05fa

This generated password is for development use only. Your security configuration must be updated before running your application in production.
 - {} - %hmac 
2022-08-22 09:16:08,344 [INFO ] org.springframework.boot.actuate.endpoint.web.EndpointLinksResolver - Exposing 1 endpoint(s) beneath base path '/actuator' - {} - %hmac 
2022-08-22 09:16:08,468 [INFO ] org.springframework.security.web.DefaultSecurityFilterChain - Will secure any request with [org.springframework.security.web.context.request.async.WebAsyncManagerIntegrationFilter@43ab796b, org.springframework.security.web.context.SecurityContextPersistenceFilter@525647e8, org.springframework.security.web.header.HeaderWriterFilter@60b47785, org.springframework.web.filter.CorsFilter@763630ac, org.springframework.security.web.csrf.CsrfFilter@6e45135, org.springframework.security.web.authentication.logout.LogoutFilter@374edfbf, org.springframework.security.web.authentication.UsernamePasswordAuthenticationFilter@19976130, org.springframework.security.web.authentication.ui.DefaultLoginPageGeneratingFilter@65c4eedd, org.springframework.security.web.authentication.ui.DefaultLogoutPageGeneratingFilter@2c5796b6, org.springframework.security.web.authentication.www.BasicAuthenticationFilter@5d558cec, org.springframework.security.web.savedrequest.RequestCacheAwareFilter@10d9a75e, org.springframework.security.web.servletapi.SecurityContextHolderAwareRequestFilter@1d776a9b, org.springframework.security.web.authentication.AnonymousAuthenticationFilter@3a3ddc34, org.springframework.security.web.session.SessionManagementFilter@5c34abad, org.springframework.security.web.access.ExceptionTranslationFilter@3ad7631d, org.springframework.security.web.access.intercept.FilterSecurityInterceptor@35633a30] - {} - %hmac 
2022-08-22 09:16:11,001 [INFO ] com.zoetis.zdms.config.JacksonConfigTest - Started JacksonConfigTest in 28.019 seconds (JVM running for 32.65) - {} - %hmac 
]]></system-out>
  </testcase>
</testsuite>